{"X:\\workflow\\open-projects\\simple-order-api\\libs\\server\\server.js":{"path":"X:\\workflow\\open-projects\\simple-order-api\\libs\\server\\server.js","statementMap":{"0":{"start":{"line":1,"column":0},"end":{"line":1,"column":12}},"1":{"start":{"line":3,"column":0},"end":{"line":70,"column":1}},"2":{"start":{"line":5,"column":27},"end":{"line":5,"column":54}},"3":{"start":{"line":6,"column":26},"end":{"line":6,"column":46}},"4":{"start":{"line":7,"column":23},"end":{"line":7,"column":42}},"5":{"start":{"line":8,"column":20},"end":{"line":8,"column":38}},"6":{"start":{"line":9,"column":16},"end":{"line":9,"column":25}},"7":{"start":{"line":10,"column":19},"end":{"line":10,"column":35}},"8":{"start":{"line":11,"column":19},"end":{"line":11,"column":36}},"9":{"start":{"line":12,"column":23},"end":{"line":12,"column":45}},"10":{"start":{"line":13,"column":19},"end":{"line":13,"column":38}},"11":{"start":{"line":14,"column":23},"end":{"line":14,"column":45}},"12":{"start":{"line":15,"column":23},"end":{"line":15,"column":52}},"13":{"start":{"line":16,"column":17},"end":{"line":16,"column":32}},"14":{"start":{"line":17,"column":16},"end":{"line":17,"column":30}},"15":{"start":{"line":18,"column":14},"end":{"line":18,"column":26}},"16":{"start":{"line":20,"column":4},"end":{"line":20,"column":30}},"17":{"start":{"line":21,"column":4},"end":{"line":21,"column":27}},"18":{"start":{"line":22,"column":4},"end":{"line":22,"column":56}},"19":{"start":{"line":23,"column":4},"end":{"line":23,"column":31}},"20":{"start":{"line":24,"column":4},"end":{"line":24,"column":20}},"21":{"start":{"line":27,"column":4},"end":{"line":27,"column":38}},"22":{"start":{"line":28,"column":4},"end":{"line":28,"column":35}},"23":{"start":{"line":33,"column":4},"end":{"line":33,"column":38}},"24":{"start":{"line":35,"column":24},"end":{"line":35,"column":45}},"25":{"start":{"line":39,"column":4},"end":{"line":39,"column":62}},"26":{"start":{"line":40,"column":4},"end":{"line":40,"column":63}},"27":{"start":{"line":41,"column":4},"end":{"line":41,"column":62}},"28":{"start":{"line":42,"column":4},"end":{"line":42,"column":63}},"29":{"start":{"line":43,"column":4},"end":{"line":43,"column":75}},"30":{"start":{"line":48,"column":4},"end":{"line":50,"column":6}},"31":{"start":{"line":49,"column":8},"end":{"line":49,"column":149}},"32":{"start":{"line":54,"column":4},"end":{"line":56,"column":7}},"33":{"start":{"line":55,"column":8},"end":{"line":55,"column":83}},"34":{"start":{"line":57,"column":4},"end":{"line":57,"column":25}},"35":{"start":{"line":63,"column":17},"end":{"line":68,"column":6}},"36":{"start":{"line":64,"column":19},"end":{"line":64,"column":78}},"37":{"start":{"line":65,"column":19},"end":{"line":65,"column":40}},"38":{"start":{"line":67,"column":8},"end":{"line":67,"column":58}},"39":{"start":{"line":69,"column":4},"end":{"line":69,"column":17}}},"fnMap":{"0":{"name":"(anonymous_0)","decl":{"start":{"line":3,"column":17},"end":{"line":3,"column":18}},"loc":{"start":{"line":3,"column":35},"end":{"line":70,"column":1}},"line":3},"1":{"name":"(anonymous_1)","decl":{"start":{"line":48,"column":20},"end":{"line":48,"column":21}},"loc":{"start":{"line":48,"column":40},"end":{"line":50,"column":5}},"line":48},"2":{"name":"(anonymous_2)","decl":{"start":{"line":54,"column":12},"end":{"line":54,"column":13}},"loc":{"start":{"line":54,"column":45},"end":{"line":56,"column":5}},"line":54},"3":{"name":"(anonymous_3)","decl":{"start":{"line":63,"column":41},"end":{"line":63,"column":42}},"loc":{"start":{"line":63,"column":53},"end":{"line":68,"column":5}},"line":63}},"branchMap":{"0":{"loc":{"start":{"line":3,"column":18},"end":{"line":3,"column":30}},"type":"default-arg","locations":[{"start":{"line":3,"column":26},"end":{"line":3,"column":30}}],"line":3},"1":{"loc":{"start":{"line":64,"column":20},"end":{"line":64,"column":50}},"type":"binary-expr","locations":[{"start":{"line":64,"column":20},"end":{"line":64,"column":44}},{"start":{"line":64,"column":48},"end":{"line":64,"column":50}}],"line":64}},"s":{"0":1,"1":1,"2":1,"3":1,"4":1,"5":1,"6":1,"7":1,"8":1,"9":1,"10":1,"11":1,"12":1,"13":1,"14":1,"15":1,"16":1,"17":1,"18":1,"19":1,"20":1,"21":1,"22":1,"23":1,"24":1,"25":1,"26":1,"27":1,"28":1,"29":1,"30":1,"31":1,"32":1,"33":0,"34":1,"35":1,"36":1,"37":1,"38":1,"39":1},"f":{"0":1,"1":1,"2":0,"3":1},"b":{"0":[0],"1":[1,0]},"_coverageSchema":"1a1c01bbd47fc00a2c39e90264f33305004495a9","hash":"5527ab4962dce6693b8a51c47b3e7e03846f1bf7","contentHash":"224dd4e5c7aa7f741d8dc26c242c1923307ee08b0ea1bc7b3df4fa97d6757fc6"},"X:\\workflow\\open-projects\\simple-order-api\\libs\\server\\server-utils.js":{"path":"X:\\workflow\\open-projects\\simple-order-api\\libs\\server\\server-utils.js","statementMap":{"0":{"start":{"line":1,"column":0},"end":{"line":16,"column":1}},"1":{"start":{"line":2,"column":23},"end":{"line":2,"column":40}},"2":{"start":{"line":3,"column":14},"end":{"line":3,"column":16}},"3":{"start":{"line":5,"column":4},"end":{"line":14,"column":5}},"4":{"start":{"line":6,"column":8},"end":{"line":13,"column":14}},"5":{"start":{"line":7,"column":12},"end":{"line":11,"column":13}},"6":{"start":{"line":8,"column":16},"end":{"line":10,"column":17}},"7":{"start":{"line":9,"column":20},"end":{"line":9,"column":52}},"8":{"start":{"line":12,"column":12},"end":{"line":12,"column":20}},"9":{"start":{"line":15,"column":4},"end":{"line":15,"column":12}}},"fnMap":{"0":{"name":"(anonymous_0)","decl":{"start":{"line":1,"column":17},"end":{"line":1,"column":18}},"loc":{"start":{"line":1,"column":29},"end":{"line":16,"column":1}},"line":1},"1":{"name":"(anonymous_1)","decl":{"start":{"line":5,"column":19},"end":{"line":5,"column":20}},"loc":{"start":{"line":5,"column":30},"end":{"line":14,"column":5}},"line":5},"2":{"name":"(anonymous_2)","decl":{"start":{"line":6,"column":29},"end":{"line":6,"column":30}},"loc":{"start":{"line":6,"column":43},"end":{"line":13,"column":9}},"line":6}},"branchMap":{"0":{"loc":{"start":{"line":7,"column":12},"end":{"line":11,"column":13}},"type":"if","locations":[{"start":{"line":7,"column":12},"end":{"line":11,"column":13}},{"start":{"line":7,"column":12},"end":{"line":11,"column":13}}],"line":7},"1":{"loc":{"start":{"line":8,"column":16},"end":{"line":10,"column":17}},"type":"if","locations":[{"start":{"line":8,"column":16},"end":{"line":10,"column":17}},{"start":{"line":8,"column":16},"end":{"line":10,"column":17}}],"line":8},"2":{"loc":{"start":{"line":8,"column":21},"end":{"line":8,"column":48}},"type":"binary-expr","locations":[{"start":{"line":8,"column":21},"end":{"line":8,"column":42}},{"start":{"line":8,"column":46},"end":{"line":8,"column":48}}],"line":8},"3":{"loc":{"start":{"line":8,"column":22},"end":{"line":8,"column":36}},"type":"binary-expr","locations":[{"start":{"line":8,"column":22},"end":{"line":8,"column":30}},{"start":{"line":8,"column":34},"end":{"line":8,"column":36}}],"line":8}},"s":{"0":1,"1":1,"2":1,"3":1,"4":1,"5":6,"6":6,"7":5,"8":6,"9":1},"f":{"0":1,"1":1,"2":6},"b":{"0":[6,0],"1":[5,1],"2":[6,0],"3":[6,0]},"_coverageSchema":"1a1c01bbd47fc00a2c39e90264f33305004495a9","hash":"d6756d28d2c00731c41ed46fbff263b7173e6ff9","contentHash":"183490ad8a2ba33ea6c2632a3b4c343ecf492f79a29d854bba166115702d0353"},"X:\\workflow\\open-projects\\simple-order-api\\libs\\errors.js":{"path":"X:\\workflow\\open-projects\\simple-order-api\\libs\\errors.js","statementMap":{"0":{"start":{"line":1,"column":24},"end":{"line":1,"column":42}},"1":{"start":{"line":7,"column":0},"end":{"line":24,"column":2}}},"fnMap":{},"branchMap":{},"s":{"0":1,"1":1},"f":{},"b":{},"_coverageSchema":"1a1c01bbd47fc00a2c39e90264f33305004495a9","hash":"53542284038556211eb802e1a8e52c9211168d57","contentHash":"d1cbcdcdcad9334f36ed2f6a201e9cdadf5ec96046a4b878f303ef199d296294"},"X:\\workflow\\open-projects\\simple-order-api\\libs\\utils.js":{"path":"X:\\workflow\\open-projects\\simple-order-api\\libs\\utils.js","statementMap":{"0":{"start":{"line":3,"column":13},"end":{"line":3,"column":28}},"1":{"start":{"line":4,"column":15},"end":{"line":4,"column":33}},"2":{"start":{"line":5,"column":15},"end":{"line":5,"column":39}},"3":{"start":{"line":6,"column":14},"end":{"line":6,"column":35}},"4":{"start":{"line":7,"column":61},"end":{"line":7,"column":78}},"5":{"start":{"line":13,"column":0},"end":{"line":31,"column":1}},"6":{"start":{"line":14,"column":4},"end":{"line":20,"column":5}},"7":{"start":{"line":15,"column":8},"end":{"line":15,"column":25}},"8":{"start":{"line":16,"column":8},"end":{"line":16,"column":88}},"9":{"start":{"line":17,"column":8},"end":{"line":17,"column":66}},"10":{"start":{"line":18,"column":8},"end":{"line":18,"column":25}},"11":{"start":{"line":19,"column":8},"end":{"line":19,"column":14}},"12":{"start":{"line":21,"column":4},"end":{"line":30,"column":5}},"13":{"start":{"line":22,"column":8},"end":{"line":22,"column":25}},"14":{"start":{"line":23,"column":8},"end":{"line":23,"column":83}},"15":{"start":{"line":24,"column":8},"end":{"line":24,"column":63}},"16":{"start":{"line":25,"column":8},"end":{"line":25,"column":25}},"17":{"start":{"line":28,"column":8},"end":{"line":28,"column":55}},"18":{"start":{"line":29,"column":8},"end":{"line":29,"column":39}},"19":{"start":{"line":33,"column":0},"end":{"line":40,"column":1}},"20":{"start":{"line":34,"column":4},"end":{"line":34,"column":40}},"21":{"start":{"line":34,"column":14},"end":{"line":34,"column":40}},"22":{"start":{"line":35,"column":4},"end":{"line":35,"column":39}},"23":{"start":{"line":36,"column":4},"end":{"line":36,"column":30}},"24":{"start":{"line":37,"column":4},"end":{"line":37,"column":30}},"25":{"start":{"line":38,"column":14},"end":{"line":38,"column":45}},"26":{"start":{"line":39,"column":4},"end":{"line":39,"column":32}},"27":{"start":{"line":42,"column":0},"end":{"line":44,"column":1}},"28":{"start":{"line":43,"column":4},"end":{"line":43,"column":31}},"29":{"start":{"line":46,"column":0},"end":{"line":48,"column":1}},"30":{"start":{"line":47,"column":4},"end":{"line":47,"column":23}},"31":{"start":{"line":50,"column":0},"end":{"line":52,"column":1}},"32":{"start":{"line":51,"column":4},"end":{"line":51,"column":67}},"33":{"start":{"line":54,"column":0},"end":{"line":58,"column":1}},"34":{"start":{"line":55,"column":4},"end":{"line":55,"column":88}},"35":{"start":{"line":55,"column":47},"end":{"line":55,"column":88}},"36":{"start":{"line":56,"column":18},"end":{"line":56,"column":40}},"37":{"start":{"line":57,"column":4},"end":{"line":57,"column":22}},"38":{"start":{"line":64,"column":0},"end":{"line":70,"column":1}},"39":{"start":{"line":65,"column":17},"end":{"line":65,"column":19}},"40":{"start":{"line":66,"column":4},"end":{"line":68,"column":5}},"41":{"start":{"line":67,"column":8},"end":{"line":67,"column":47}},"42":{"start":{"line":69,"column":4},"end":{"line":69,"column":15}},"43":{"start":{"line":72,"column":0},"end":{"line":74,"column":1}},"44":{"start":{"line":73,"column":4},"end":{"line":73,"column":46}},"45":{"start":{"line":77,"column":0},"end":{"line":97,"column":1}},"46":{"start":{"line":78,"column":25},"end":{"line":78,"column":76}},"47":{"start":{"line":78,"column":32},"end":{"line":78,"column":76}},"48":{"start":{"line":80,"column":25},"end":{"line":80,"column":27}},"49":{"start":{"line":81,"column":4},"end":{"line":84,"column":5}},"50":{"start":{"line":82,"column":8},"end":{"line":82,"column":71}},"51":{"start":{"line":83,"column":8},"end":{"line":83,"column":19}},"52":{"start":{"line":86,"column":4},"end":{"line":93,"column":5}},"53":{"start":{"line":87,"column":8},"end":{"line":87,"column":29}},"54":{"start":{"line":89,"column":8},"end":{"line":91,"column":9}},"55":{"start":{"line":90,"column":12},"end":{"line":90,"column":20}},"56":{"start":{"line":92,"column":8},"end":{"line":92,"column":33}},"57":{"start":{"line":95,"column":4},"end":{"line":95,"column":42}},"58":{"start":{"line":95,"column":31},"end":{"line":95,"column":42}},"59":{"start":{"line":96,"column":4},"end":{"line":96,"column":24}}},"fnMap":{"0":{"name":"(anonymous_0)","decl":{"start":{"line":13,"column":17},"end":{"line":13,"column":18}},"loc":{"start":{"line":13,"column":44},"end":{"line":31,"column":1}},"line":13},"1":{"name":"(anonymous_1)","decl":{"start":{"line":33,"column":14},"end":{"line":33,"column":15}},"loc":{"start":{"line":33,"column":23},"end":{"line":40,"column":1}},"line":33},"2":{"name":"(anonymous_2)","decl":{"start":{"line":42,"column":20},"end":{"line":42,"column":21}},"loc":{"start":{"line":42,"column":26},"end":{"line":44,"column":1}},"line":42},"3":{"name":"(anonymous_3)","decl":{"start":{"line":46,"column":17},"end":{"line":46,"column":18}},"loc":{"start":{"line":46,"column":28},"end":{"line":48,"column":1}},"line":46},"4":{"name":"(anonymous_4)","decl":{"start":{"line":50,"column":21},"end":{"line":50,"column":22}},"loc":{"start":{"line":50,"column":32},"end":{"line":52,"column":1}},"line":50},"5":{"name":"(anonymous_5)","decl":{"start":{"line":54,"column":21},"end":{"line":54,"column":22}},"loc":{"start":{"line":54,"column":48},"end":{"line":58,"column":1}},"line":54},"6":{"name":"(anonymous_6)","decl":{"start":{"line":64,"column":24},"end":{"line":64,"column":25}},"loc":{"start":{"line":64,"column":38},"end":{"line":70,"column":1}},"line":64},"7":{"name":"(anonymous_7)","decl":{"start":{"line":72,"column":18},"end":{"line":72,"column":19}},"loc":{"start":{"line":72,"column":27},"end":{"line":74,"column":1}},"line":72},"8":{"name":"(anonymous_8)","decl":{"start":{"line":77,"column":21},"end":{"line":77,"column":22}},"loc":{"start":{"line":77,"column":33},"end":{"line":97,"column":1}},"line":77},"9":{"name":"(anonymous_9)","decl":{"start":{"line":78,"column":25},"end":{"line":78,"column":26}},"loc":{"start":{"line":78,"column":32},"end":{"line":78,"column":76}},"line":78}},"branchMap":{"0":{"loc":{"start":{"line":13,"column":18},"end":{"line":13,"column":26}},"type":"default-arg","locations":[{"start":{"line":13,"column":22},"end":{"line":13,"column":26}}],"line":13},"1":{"loc":{"start":{"line":13,"column":28},"end":{"line":13,"column":39}},"type":"default-arg","locations":[{"start":{"line":13,"column":34},"end":{"line":13,"column":39}}],"line":13},"2":{"loc":{"start":{"line":14,"column":4},"end":{"line":20,"column":5}},"type":"if","locations":[{"start":{"line":14,"column":4},"end":{"line":20,"column":5}},{"start":{"line":14,"column":4},"end":{"line":20,"column":5}}],"line":14},"3":{"loc":{"start":{"line":21,"column":4},"end":{"line":30,"column":5}},"type":"if","locations":[{"start":{"line":21,"column":4},"end":{"line":30,"column":5}},{"start":{"line":21,"column":4},"end":{"line":30,"column":5}}],"line":21},"4":{"loc":{"start":{"line":21,"column":8},"end":{"line":21,"column":33}},"type":"binary-expr","locations":[{"start":{"line":21,"column":8},"end":{"line":21,"column":20}},{"start":{"line":21,"column":24},"end":{"line":21,"column":33}}],"line":21},"5":{"loc":{"start":{"line":34,"column":4},"end":{"line":34,"column":40}},"type":"if","locations":[{"start":{"line":34,"column":4},"end":{"line":34,"column":40}},{"start":{"line":34,"column":4},"end":{"line":34,"column":40}}],"line":34},"6":{"loc":{"start":{"line":51,"column":11},"end":{"line":51,"column":67}},"type":"binary-expr","locations":[{"start":{"line":51,"column":11},"end":{"line":51,"column":26}},{"start":{"line":51,"column":30},"end":{"line":51,"column":45}},{"start":{"line":51,"column":49},"end":{"line":51,"column":67}}],"line":51},"7":{"loc":{"start":{"line":54,"column":22},"end":{"line":54,"column":29}},"type":"default-arg","locations":[{"start":{"line":54,"column":28},"end":{"line":54,"column":29}}],"line":54},"8":{"loc":{"start":{"line":54,"column":31},"end":{"line":54,"column":43}},"type":"default-arg","locations":[{"start":{"line":54,"column":42},"end":{"line":54,"column":43}}],"line":54},"9":{"loc":{"start":{"line":55,"column":4},"end":{"line":55,"column":88}},"type":"if","locations":[{"start":{"line":55,"column":4},"end":{"line":55,"column":88}},{"start":{"line":55,"column":4},"end":{"line":55,"column":88}}],"line":55},"10":{"loc":{"start":{"line":55,"column":8},"end":{"line":55,"column":45}},"type":"binary-expr","locations":[{"start":{"line":55,"column":8},"end":{"line":55,"column":22}},{"start":{"line":55,"column":26},"end":{"line":55,"column":45}}],"line":55},"11":{"loc":{"start":{"line":78,"column":32},"end":{"line":78,"column":76}},"type":"binary-expr","locations":[{"start":{"line":78,"column":32},"end":{"line":78,"column":43}},{"start":{"line":78,"column":47},"end":{"line":78,"column":58}},{"start":{"line":78,"column":62},"end":{"line":78,"column":76}}],"line":78},"12":{"loc":{"start":{"line":81,"column":4},"end":{"line":84,"column":5}},"type":"if","locations":[{"start":{"line":81,"column":4},"end":{"line":84,"column":5}},{"start":{"line":81,"column":4},"end":{"line":84,"column":5}}],"line":81},"13":{"loc":{"start":{"line":81,"column":8},"end":{"line":81,"column":48}},"type":"binary-expr","locations":[{"start":{"line":81,"column":8},"end":{"line":81,"column":29}},{"start":{"line":81,"column":33},"end":{"line":81,"column":48}}],"line":81},"14":{"loc":{"start":{"line":89,"column":8},"end":{"line":91,"column":9}},"type":"if","locations":[{"start":{"line":89,"column":8},"end":{"line":91,"column":9}},{"start":{"line":89,"column":8},"end":{"line":91,"column":9}}],"line":89},"15":{"loc":{"start":{"line":89,"column":12},"end":{"line":89,"column":57}},"type":"binary-expr","locations":[{"start":{"line":89,"column":12},"end":{"line":89,"column":28}},{"start":{"line":89,"column":32},"end":{"line":89,"column":41}},{"start":{"line":89,"column":45},"end":{"line":89,"column":57}}],"line":89},"16":{"loc":{"start":{"line":95,"column":4},"end":{"line":95,"column":42}},"type":"if","locations":[{"start":{"line":95,"column":4},"end":{"line":95,"column":42}},{"start":{"line":95,"column":4},"end":{"line":95,"column":42}}],"line":95}},"s":{"0":1,"1":1,"2":1,"3":1,"4":1,"5":1,"6":12,"7":1,"8":1,"9":1,"10":1,"11":1,"12":11,"13":0,"14":0,"15":0,"16":0,"17":11,"18":11,"19":1,"20":4,"21":0,"22":4,"23":4,"24":4,"25":4,"26":4,"27":1,"28":0,"29":1,"30":65,"31":1,"32":35,"33":1,"34":4,"35":0,"36":4,"37":4,"38":1,"39":1,"40":1,"41":16,"42":1,"43":1,"44":10,"45":1,"46":7,"47":7,"48":7,"49":7,"50":1,"51":1,"52":6,"53":25,"54":25,"55":1,"56":24,"57":6,"58":0,"59":6},"f":{"0":12,"1":4,"2":0,"3":65,"4":35,"5":4,"6":1,"7":10,"8":7,"9":7},"b":{"0":[0],"1":[11],"2":[1,11],"3":[0,11],"4":[11,11],"5":[0,4],"6":[35,35,35],"7":[0],"8":[0],"9":[0,4],"10":[4,4],"11":[7,7,7],"12":[1,6],"13":[7,7],"14":[1,24],"15":[25,25,24],"16":[0,6]},"_coverageSchema":"1a1c01bbd47fc00a2c39e90264f33305004495a9","hash":"f3add604d2ddaa2865b7fe211093a79a2f932339","contentHash":"7acc6f89277ae9e3b183f3f5e0126accf59602d030662a6fedad27244af05949"},"X:\\workflow\\open-projects\\simple-order-api\\libs\\server\\config.js":{"path":"X:\\workflow\\open-projects\\simple-order-api\\libs\\server\\config.js","statementMap":{"0":{"start":{"line":1,"column":11},"end":{"line":1,"column":56}},"1":{"start":{"line":2,"column":0},"end":{"line":6,"column":2}}},"fnMap":{},"branchMap":{"0":{"loc":{"start":{"line":1,"column":11},"end":{"line":1,"column":56}},"type":"binary-expr","locations":[{"start":{"line":1,"column":11},"end":{"line":1,"column":27}},{"start":{"line":1,"column":32},"end":{"line":1,"column":47}},{"start":{"line":1,"column":51},"end":{"line":1,"column":55}}],"line":1},"1":{"loc":{"start":{"line":5,"column":10},"end":{"line":5,"column":50}},"type":"cond-expr","locations":[{"start":{"line":5,"column":39},"end":{"line":5,"column":43}},{"start":{"line":5,"column":46},"end":{"line":5,"column":50}}],"line":5}},"s":{"0":1,"1":1},"f":{},"b":{"0":[1,1,1],"1":[1,0]},"_coverageSchema":"1a1c01bbd47fc00a2c39e90264f33305004495a9","hash":"8fcd45ad1b4bb26eae61b47f6142e43c917126fc","contentHash":"b3e669e8d476394fb8b591fc2a19d16c4288186729be24490db630ceea04aaaa"},"X:\\workflow\\open-projects\\simple-order-api\\libs\\server\\auth.js":{"path":"X:\\workflow\\open-projects\\simple-order-api\\libs\\server\\auth.js","statementMap":{"0":{"start":{"line":1,"column":0},"end":{"line":1,"column":12}},"1":{"start":{"line":6,"column":0},"end":{"line":57,"column":1}},"2":{"start":{"line":7,"column":21},"end":{"line":7,"column":40}},"3":{"start":{"line":8,"column":4},"end":{"line":56,"column":5}},"4":{"start":{"line":10,"column":12},"end":{"line":10,"column":30}},"5":{"start":{"line":15,"column":12},"end":{"line":15,"column":59}},"6":{"start":{"line":16,"column":12},"end":{"line":16,"column":62}},"7":{"start":{"line":17,"column":12},"end":{"line":17,"column":86}},"8":{"start":{"line":18,"column":12},"end":{"line":18,"column":134}},"9":{"start":{"line":19,"column":12},"end":{"line":19,"column":48}},"10":{"start":{"line":20,"column":12},"end":{"line":20,"column":26}},"11":{"start":{"line":27,"column":12},"end":{"line":27,"column":54}}},"fnMap":{"0":{"name":"(anonymous_0)","decl":{"start":{"line":6,"column":17},"end":{"line":6,"column":18}},"loc":{"start":{"line":6,"column":39},"end":{"line":57,"column":1}},"line":6},"1":{"name":"(anonymous_1)","decl":{"start":{"line":9,"column":8},"end":{"line":9,"column":9}},"loc":{"start":{"line":9,"column":27},"end":{"line":11,"column":9}},"line":9},"2":{"name":"(anonymous_2)","decl":{"start":{"line":13,"column":8},"end":{"line":13,"column":9}},"loc":{"start":{"line":13,"column":34},"end":{"line":24,"column":9}},"line":13},"3":{"name":"(anonymous_3)","decl":{"start":{"line":26,"column":8},"end":{"line":26,"column":9}},"loc":{"start":{"line":26,"column":21},"end":{"line":28,"column":9}},"line":26}},"branchMap":{},"s":{"0":1,"1":1,"2":1,"3":1,"4":1,"5":10,"6":10,"7":10,"8":10,"9":10,"10":10,"11":1},"f":{"0":1,"1":1,"2":10,"3":1},"b":{},"_coverageSchema":"1a1c01bbd47fc00a2c39e90264f33305004495a9","hash":"51c8d454576cd21d4d84133864cc93e40e0d899d","contentHash":"0a409bc4d635d9b0c544143696df46bc24f5a63ef85ca0eaca61aaccf6244d58"},"X:\\workflow\\open-projects\\simple-order-api\\libs\\server\\controllers.js":{"path":"X:\\workflow\\open-projects\\simple-order-api\\libs\\server\\controllers.js","statementMap":{"0":{"start":{"line":1,"column":0},"end":{"line":1,"column":12}},"1":{"start":{"line":4,"column":0},"end":{"line":170,"column":1}},"2":{"start":{"line":5,"column":53},"end":{"line":5,"column":72}},"3":{"start":{"line":6,"column":30},"end":{"line":6,"column":47}},"4":{"start":{"line":7,"column":26},"end":{"line":7,"column":46}},"5":{"start":{"line":8,"column":24},"end":{"line":8,"column":64}},"6":{"start":{"line":10,"column":4},"end":{"line":168,"column":5}},"7":{"start":{"line":12,"column":12},"end":{"line":12,"column":30}},"8":{"start":{"line":13,"column":12},"end":{"line":13,"column":44}},"9":{"start":{"line":14,"column":12},"end":{"line":18,"column":13}},"10":{"start":{"line":15,"column":16},"end":{"line":15,"column":66}},"11":{"start":{"line":17,"column":16},"end":{"line":17,"column":47}},"12":{"start":{"line":29,"column":12},"end":{"line":32,"column":13}},"13":{"start":{"line":30,"column":16},"end":{"line":30,"column":54}},"14":{"start":{"line":31,"column":16},"end":{"line":31,"column":86}},"15":{"start":{"line":33,"column":22},"end":{"line":33,"column":50}},"16":{"start":{"line":35,"column":12},"end":{"line":35,"column":82}},"17":{"start":{"line":46,"column":12},"end":{"line":49,"column":13}},"18":{"start":{"line":47,"column":16},"end":{"line":47,"column":54}},"19":{"start":{"line":48,"column":16},"end":{"line":48,"column":86}},"20":{"start":{"line":50,"column":22},"end":{"line":53,"column":13}},"21":{"start":{"line":55,"column":12},"end":{"line":55,"column":114}},"22":{"start":{"line":67,"column":12},"end":{"line":70,"column":13}},"23":{"start":{"line":68,"column":16},"end":{"line":68,"column":55}},"24":{"start":{"line":69,"column":16},"end":{"line":69,"column":86}},"25":{"start":{"line":71,"column":24},"end":{"line":71,"column":39}},"26":{"start":{"line":75,"column":12},"end":{"line":77,"column":13}},"27":{"start":{"line":76,"column":16},"end":{"line":76,"column":86}},"28":{"start":{"line":79,"column":21},"end":{"line":79,"column":29}},"29":{"start":{"line":80,"column":12},"end":{"line":80,"column":30}},"30":{"start":{"line":81,"column":12},"end":{"line":83,"column":13}},"31":{"start":{"line":82,"column":16},"end":{"line":82,"column":86}},"32":{"start":{"line":84,"column":27},"end":{"line":84,"column":57}},"33":{"start":{"line":85,"column":12},"end":{"line":87,"column":13}},"34":{"start":{"line":86,"column":16},"end":{"line":86,"column":86}},"35":{"start":{"line":88,"column":39},"end":{"line":88,"column":45}},"36":{"start":{"line":89,"column":12},"end":{"line":89,"column":116}},"37":{"start":{"line":100,"column":12},"end":{"line":103,"column":13}},"38":{"start":{"line":101,"column":16},"end":{"line":101,"column":54}},"39":{"start":{"line":102,"column":16},"end":{"line":102,"column":86}},"40":{"start":{"line":104,"column":23},"end":{"line":104,"column":38}},"41":{"start":{"line":108,"column":12},"end":{"line":110,"column":13}},"42":{"start":{"line":109,"column":16},"end":{"line":109,"column":86}},"43":{"start":{"line":112,"column":21},"end":{"line":112,"column":29}},"44":{"start":{"line":113,"column":12},"end":{"line":113,"column":29}},"45":{"start":{"line":115,"column":12},"end":{"line":117,"column":13}},"46":{"start":{"line":116,"column":16},"end":{"line":116,"column":86}},"47":{"start":{"line":119,"column":31},"end":{"line":119,"column":48}},"48":{"start":{"line":120,"column":12},"end":{"line":120,"column":98}},"49":{"start":{"line":120,"column":28},"end":{"line":120,"column":98}},"50":{"start":{"line":122,"column":22},"end":{"line":122,"column":65}},"51":{"start":{"line":123,"column":12},"end":{"line":123,"column":63}},"52":{"start":{"line":123,"column":25},"end":{"line":123,"column":63}},"53":{"start":{"line":124,"column":12},"end":{"line":124,"column":82}},"54":{"start":{"line":136,"column":12},"end":{"line":139,"column":13}},"55":{"start":{"line":137,"column":16},"end":{"line":137,"column":54}},"56":{"start":{"line":138,"column":16},"end":{"line":138,"column":86}},"57":{"start":{"line":140,"column":23},"end":{"line":140,"column":38}},"58":{"start":{"line":144,"column":12},"end":{"line":146,"column":13}},"59":{"start":{"line":145,"column":16},"end":{"line":145,"column":86}},"60":{"start":{"line":148,"column":21},"end":{"line":148,"column":52}},"61":{"start":{"line":149,"column":12},"end":{"line":149,"column":29}},"62":{"start":{"line":151,"column":12},"end":{"line":153,"column":13}},"63":{"start":{"line":152,"column":16},"end":{"line":152,"column":86}},"64":{"start":{"line":155,"column":12},"end":{"line":157,"column":13}},"65":{"start":{"line":156,"column":16},"end":{"line":156,"column":86}},"66":{"start":{"line":159,"column":31},"end":{"line":159,"column":48}},"67":{"start":{"line":160,"column":12},"end":{"line":160,"column":98}},"68":{"start":{"line":160,"column":28},"end":{"line":160,"column":98}},"69":{"start":{"line":164,"column":22},"end":{"line":164,"column":59}},"70":{"start":{"line":165,"column":12},"end":{"line":165,"column":63}},"71":{"start":{"line":165,"column":25},"end":{"line":165,"column":63}},"72":{"start":{"line":166,"column":12},"end":{"line":166,"column":82}}},"fnMap":{"0":{"name":"(anonymous_0)","decl":{"start":{"line":4,"column":17},"end":{"line":4,"column":18}},"loc":{"start":{"line":4,"column":39},"end":{"line":170,"column":1}},"line":4},"1":{"name":"(anonymous_1)","decl":{"start":{"line":11,"column":8},"end":{"line":11,"column":9}},"loc":{"start":{"line":11,"column":27},"end":{"line":19,"column":9}},"line":11},"2":{"name":"(anonymous_2)","decl":{"start":{"line":28,"column":8},"end":{"line":28,"column":9}},"loc":{"start":{"line":28,"column":24},"end":{"line":36,"column":9}},"line":28},"3":{"name":"(anonymous_3)","decl":{"start":{"line":45,"column":8},"end":{"line":45,"column":9}},"loc":{"start":{"line":45,"column":23},"end":{"line":56,"column":9}},"line":45},"4":{"name":"(anonymous_4)","decl":{"start":{"line":66,"column":8},"end":{"line":66,"column":9}},"loc":{"start":{"line":66,"column":31},"end":{"line":90,"column":9}},"line":66},"5":{"name":"(anonymous_5)","decl":{"start":{"line":99,"column":8},"end":{"line":99,"column":9}},"loc":{"start":{"line":99,"column":24},"end":{"line":125,"column":9}},"line":99},"6":{"name":"(anonymous_6)","decl":{"start":{"line":135,"column":8},"end":{"line":135,"column":9}},"loc":{"start":{"line":135,"column":24},"end":{"line":167,"column":9}},"line":135}},"branchMap":{"0":{"loc":{"start":{"line":29,"column":12},"end":{"line":32,"column":13}},"type":"if","locations":[{"start":{"line":29,"column":12},"end":{"line":32,"column":13}},{"start":{"line":29,"column":12},"end":{"line":32,"column":13}}],"line":29},"1":{"loc":{"start":{"line":46,"column":12},"end":{"line":49,"column":13}},"type":"if","locations":[{"start":{"line":46,"column":12},"end":{"line":49,"column":13}},{"start":{"line":46,"column":12},"end":{"line":49,"column":13}}],"line":46},"2":{"loc":{"start":{"line":67,"column":12},"end":{"line":70,"column":13}},"type":"if","locations":[{"start":{"line":67,"column":12},"end":{"line":70,"column":13}},{"start":{"line":67,"column":12},"end":{"line":70,"column":13}}],"line":67},"3":{"loc":{"start":{"line":71,"column":24},"end":{"line":71,"column":39}},"type":"binary-expr","locations":[{"start":{"line":71,"column":24},"end":{"line":71,"column":33}},{"start":{"line":71,"column":37},"end":{"line":71,"column":39}}],"line":71},"4":{"loc":{"start":{"line":75,"column":12},"end":{"line":77,"column":13}},"type":"if","locations":[{"start":{"line":75,"column":12},"end":{"line":77,"column":13}},{"start":{"line":75,"column":12},"end":{"line":77,"column":13}}],"line":75},"5":{"loc":{"start":{"line":81,"column":12},"end":{"line":83,"column":13}},"type":"if","locations":[{"start":{"line":81,"column":12},"end":{"line":83,"column":13}},{"start":{"line":81,"column":12},"end":{"line":83,"column":13}}],"line":81},"6":{"loc":{"start":{"line":85,"column":12},"end":{"line":87,"column":13}},"type":"if","locations":[{"start":{"line":85,"column":12},"end":{"line":87,"column":13}},{"start":{"line":85,"column":12},"end":{"line":87,"column":13}}],"line":85},"7":{"loc":{"start":{"line":100,"column":12},"end":{"line":103,"column":13}},"type":"if","locations":[{"start":{"line":100,"column":12},"end":{"line":103,"column":13}},{"start":{"line":100,"column":12},"end":{"line":103,"column":13}}],"line":100},"8":{"loc":{"start":{"line":104,"column":23},"end":{"line":104,"column":38}},"type":"binary-expr","locations":[{"start":{"line":104,"column":23},"end":{"line":104,"column":32}},{"start":{"line":104,"column":36},"end":{"line":104,"column":38}}],"line":104},"9":{"loc":{"start":{"line":108,"column":12},"end":{"line":110,"column":13}},"type":"if","locations":[{"start":{"line":108,"column":12},"end":{"line":110,"column":13}},{"start":{"line":108,"column":12},"end":{"line":110,"column":13}}],"line":108},"10":{"loc":{"start":{"line":115,"column":12},"end":{"line":117,"column":13}},"type":"if","locations":[{"start":{"line":115,"column":12},"end":{"line":117,"column":13}},{"start":{"line":115,"column":12},"end":{"line":117,"column":13}}],"line":115},"11":{"loc":{"start":{"line":120,"column":12},"end":{"line":120,"column":98}},"type":"if","locations":[{"start":{"line":120,"column":12},"end":{"line":120,"column":98}},{"start":{"line":120,"column":12},"end":{"line":120,"column":98}}],"line":120},"12":{"loc":{"start":{"line":123,"column":12},"end":{"line":123,"column":63}},"type":"if","locations":[{"start":{"line":123,"column":12},"end":{"line":123,"column":63}},{"start":{"line":123,"column":12},"end":{"line":123,"column":63}}],"line":123},"13":{"loc":{"start":{"line":136,"column":12},"end":{"line":139,"column":13}},"type":"if","locations":[{"start":{"line":136,"column":12},"end":{"line":139,"column":13}},{"start":{"line":136,"column":12},"end":{"line":139,"column":13}}],"line":136},"14":{"loc":{"start":{"line":140,"column":23},"end":{"line":140,"column":38}},"type":"binary-expr","locations":[{"start":{"line":140,"column":23},"end":{"line":140,"column":32}},{"start":{"line":140,"column":36},"end":{"line":140,"column":38}}],"line":140},"15":{"loc":{"start":{"line":144,"column":12},"end":{"line":146,"column":13}},"type":"if","locations":[{"start":{"line":144,"column":12},"end":{"line":146,"column":13}},{"start":{"line":144,"column":12},"end":{"line":146,"column":13}}],"line":144},"16":{"loc":{"start":{"line":148,"column":21},"end":{"line":148,"column":52}},"type":"cond-expr","locations":[{"start":{"line":148,"column":32},"end":{"line":148,"column":40}},{"start":{"line":148,"column":41},"end":{"line":148,"column":52}}],"line":148},"17":{"loc":{"start":{"line":151,"column":12},"end":{"line":153,"column":13}},"type":"if","locations":[{"start":{"line":151,"column":12},"end":{"line":153,"column":13}},{"start":{"line":151,"column":12},"end":{"line":153,"column":13}}],"line":151},"18":{"loc":{"start":{"line":155,"column":12},"end":{"line":157,"column":13}},"type":"if","locations":[{"start":{"line":155,"column":12},"end":{"line":157,"column":13}},{"start":{"line":155,"column":12},"end":{"line":157,"column":13}}],"line":155},"19":{"loc":{"start":{"line":160,"column":12},"end":{"line":160,"column":98}},"type":"if","locations":[{"start":{"line":160,"column":12},"end":{"line":160,"column":98}},{"start":{"line":160,"column":12},"end":{"line":160,"column":98}}],"line":160},"20":{"loc":{"start":{"line":165,"column":12},"end":{"line":165,"column":63}},"type":"if","locations":[{"start":{"line":165,"column":12},"end":{"line":165,"column":63}},{"start":{"line":165,"column":12},"end":{"line":165,"column":63}}],"line":165}},"s":{"0":1,"1":1,"2":1,"3":1,"4":1,"5":1,"6":1,"7":1,"8":1,"9":1,"10":1,"11":0,"12":1,"13":0,"14":0,"15":1,"16":1,"17":1,"18":0,"19":0,"20":1,"21":1,"22":2,"23":0,"24":0,"25":2,"26":2,"27":0,"28":2,"29":2,"30":2,"31":0,"32":2,"33":2,"34":1,"35":1,"36":1,"37":2,"38":0,"39":0,"40":2,"41":2,"42":0,"43":2,"44":2,"45":2,"46":0,"47":2,"48":2,"49":1,"50":1,"51":1,"52":0,"53":1,"54":3,"55":0,"56":0,"57":3,"58":3,"59":1,"60":2,"61":2,"62":2,"63":0,"64":2,"65":0,"66":2,"67":2,"68":0,"69":2,"70":2,"71":0,"72":2},"f":{"0":1,"1":1,"2":1,"3":1,"4":2,"5":2,"6":3},"b":{"0":[0,1],"1":[0,1],"2":[0,2],"3":[2,0],"4":[0,2],"5":[0,2],"6":[1,1],"7":[0,2],"8":[2,0],"9":[0,2],"10":[0,2],"11":[1,1],"12":[0,1],"13":[0,3],"14":[3,0],"15":[1,2],"16":[2,0],"17":[0,2],"18":[0,2],"19":[0,2],"20":[0,2]},"_coverageSchema":"1a1c01bbd47fc00a2c39e90264f33305004495a9","hash":"d6c23445e2e87e0f6bce7959bbf7fedf0fed6bda","contentHash":"99c4282ba86263e7a19dc09cae651d77825e3265b8c516d15f6fc8a1991b3ecf"},"X:\\workflow\\open-projects\\simple-order-api\\libs\\simple-order\\SimpleOrder.js":{"path":"X:\\workflow\\open-projects\\simple-order-api\\libs\\simple-order\\SimpleOrder.js","statementMap":{"0":{"start":{"line":1,"column":0},"end":{"line":1,"column":12}},"1":{"start":{"line":11,"column":0},"end":{"line":313,"column":1}},"2":{"start":{"line":12,"column":19},"end":{"line":12,"column":36}},"3":{"start":{"line":13,"column":26},"end":{"line":13,"column":46}},"4":{"start":{"line":14,"column":55},"end":{"line":14,"column":74}},"5":{"start":{"line":15,"column":75},"end":{"line":15,"column":92}},"6":{"start":{"line":16,"column":18},"end":{"line":16,"column":38}},"7":{"start":{"line":17,"column":19},"end":{"line":17,"column":40}},"8":{"start":{"line":19,"column":4},"end":{"line":312,"column":5}},"9":{"start":{"line":22,"column":12},"end":{"line":22,"column":30}},"10":{"start":{"line":25,"column":12},"end":{"line":25,"column":35}},"11":{"start":{"line":26,"column":12},"end":{"line":26,"column":40}},"12":{"start":{"line":27,"column":12},"end":{"line":27,"column":35}},"13":{"start":{"line":40,"column":12},"end":{"line":42,"column":13}},"14":{"start":{"line":41,"column":16},"end":{"line":41,"column":63}},"15":{"start":{"line":43,"column":12},"end":{"line":45,"column":13}},"16":{"start":{"line":44,"column":16},"end":{"line":44,"column":63}},"17":{"start":{"line":46,"column":12},"end":{"line":48,"column":13}},"18":{"start":{"line":47,"column":16},"end":{"line":47,"column":63}},"19":{"start":{"line":51,"column":12},"end":{"line":53,"column":13}},"20":{"start":{"line":52,"column":16},"end":{"line":52,"column":63}},"21":{"start":{"line":58,"column":42},"end":{"line":58,"column":67}},"22":{"start":{"line":59,"column":12},"end":{"line":61,"column":13}},"23":{"start":{"line":60,"column":16},"end":{"line":60,"column":63}},"24":{"start":{"line":63,"column":30},"end":{"line":63,"column":58}},"25":{"start":{"line":65,"column":12},"end":{"line":70,"column":13}},"26":{"start":{"line":66,"column":16},"end":{"line":69,"column":18}},"27":{"start":{"line":74,"column":12},"end":{"line":74,"column":79}},"28":{"start":{"line":76,"column":32},"end":{"line":76,"column":68}},"29":{"start":{"line":77,"column":29},"end":{"line":77,"column":47}},"30":{"start":{"line":78,"column":12},"end":{"line":87,"column":13}},"31":{"start":{"line":95,"column":31},"end":{"line":95,"column":49}},"32":{"start":{"line":96,"column":12},"end":{"line":98,"column":13}},"33":{"start":{"line":97,"column":16},"end":{"line":97,"column":63}},"34":{"start":{"line":100,"column":12},"end":{"line":104,"column":13}},"35":{"start":{"line":102,"column":16},"end":{"line":102,"column":52}},"36":{"start":{"line":103,"column":16},"end":{"line":103,"column":44}},"37":{"start":{"line":106,"column":31},"end":{"line":106,"column":89}},"38":{"start":{"line":106,"column":41},"end":{"line":106,"column":89}},"39":{"start":{"line":107,"column":12},"end":{"line":109,"column":13}},"40":{"start":{"line":108,"column":16},"end":{"line":108,"column":63}},"41":{"start":{"line":111,"column":46},"end":{"line":111,"column":56}},"42":{"start":{"line":112,"column":31},"end":{"line":112,"column":47}},"43":{"start":{"line":113,"column":12},"end":{"line":113,"column":43}},"44":{"start":{"line":114,"column":12},"end":{"line":116,"column":13}},"45":{"start":{"line":115,"column":16},"end":{"line":115,"column":63}},"46":{"start":{"line":119,"column":12},"end":{"line":119,"column":73}},"47":{"start":{"line":119,"column":45},"end":{"line":119,"column":73}},"48":{"start":{"line":122,"column":35},"end":{"line":122,"column":57}},"49":{"start":{"line":123,"column":12},"end":{"line":125,"column":13}},"50":{"start":{"line":124,"column":16},"end":{"line":124,"column":63}},"51":{"start":{"line":130,"column":12},"end":{"line":136,"column":13}},"52":{"start":{"line":131,"column":16},"end":{"line":132,"column":46}},"53":{"start":{"line":134,"column":16},"end":{"line":134,"column":33}},"54":{"start":{"line":135,"column":16},"end":{"line":135,"column":63}},"55":{"start":{"line":145,"column":12},"end":{"line":145,"column":30}},"56":{"start":{"line":146,"column":12},"end":{"line":146,"column":50}},"57":{"start":{"line":146,"column":39},"end":{"line":146,"column":50}},"58":{"start":{"line":147,"column":12},"end":{"line":147,"column":24}},"59":{"start":{"line":157,"column":12},"end":{"line":157,"column":30}},"60":{"start":{"line":158,"column":22},"end":{"line":158,"column":103}},"61":{"start":{"line":159,"column":22},"end":{"line":160,"column":27}},"62":{"start":{"line":161,"column":12},"end":{"line":161,"column":46}},"63":{"start":{"line":168,"column":12},"end":{"line":168,"column":28}},"64":{"start":{"line":175,"column":12},"end":{"line":175,"column":35}},"65":{"start":{"line":179,"column":12},"end":{"line":188,"column":13}},"66":{"start":{"line":180,"column":16},"end":{"line":185,"column":17}},"67":{"start":{"line":184,"column":20},"end":{"line":184,"column":31}},"68":{"start":{"line":187,"column":16},"end":{"line":187,"column":27}},"69":{"start":{"line":189,"column":12},"end":{"line":189,"column":23}},"70":{"start":{"line":198,"column":12},"end":{"line":201,"column":13}},"71":{"start":{"line":199,"column":16},"end":{"line":199,"column":102}},"72":{"start":{"line":199,"column":41},"end":{"line":199,"column":102}},"73":{"start":{"line":200,"column":16},"end":{"line":200,"column":27}},"74":{"start":{"line":202,"column":12},"end":{"line":205,"column":13}},"75":{"start":{"line":203,"column":16},"end":{"line":203,"column":95}},"76":{"start":{"line":203,"column":32},"end":{"line":203,"column":95}},"77":{"start":{"line":204,"column":16},"end":{"line":204,"column":27}},"78":{"start":{"line":207,"column":22},"end":{"line":211,"column":13}},"79":{"start":{"line":212,"column":12},"end":{"line":212,"column":20}},"80":{"start":{"line":220,"column":12},"end":{"line":220,"column":34}},"81":{"start":{"line":220,"column":25},"end":{"line":220,"column":34}},"82":{"start":{"line":222,"column":30},"end":{"line":228,"column":13}},"83":{"start":{"line":231,"column":23},"end":{"line":231,"column":48}},"84":{"start":{"line":232,"column":12},"end":{"line":235,"column":75}},"85":{"start":{"line":233,"column":16},"end":{"line":233,"column":46}},"86":{"start":{"line":235,"column":17},"end":{"line":235,"column":75}},"87":{"start":{"line":238,"column":22},"end":{"line":247,"column":18}},"88":{"start":{"line":239,"column":16},"end":{"line":245,"column":17}},"89":{"start":{"line":240,"column":20},"end":{"line":241,"column":40}},"90":{"start":{"line":240,"column":43},"end":{"line":240,"column":80}},"91":{"start":{"line":241,"column":25},"end":{"line":241,"column":40}},"92":{"start":{"line":243,"column":21},"end":{"line":245,"column":17}},"93":{"start":{"line":244,"column":20},"end":{"line":244,"column":29}},"94":{"start":{"line":246,"column":16},"end":{"line":246,"column":24}},"95":{"start":{"line":248,"column":12},"end":{"line":251,"column":13}},"96":{"start":{"line":249,"column":16},"end":{"line":249,"column":81}},"97":{"start":{"line":249,"column":32},"end":{"line":249,"column":81}},"98":{"start":{"line":250,"column":16},"end":{"line":250,"column":25}},"99":{"start":{"line":252,"column":12},"end":{"line":252,"column":20}},"100":{"start":{"line":259,"column":12},"end":{"line":259,"column":47}},"101":{"start":{"line":260,"column":12},"end":{"line":260,"column":43}},"102":{"start":{"line":261,"column":12},"end":{"line":261,"column":42}},"103":{"start":{"line":262,"column":12},"end":{"line":262,"column":23}},"104":{"start":{"line":267,"column":12},"end":{"line":269,"column":13}},"105":{"start":{"line":268,"column":16},"end":{"line":268,"column":80}},"106":{"start":{"line":270,"column":12},"end":{"line":270,"column":46}},"107":{"start":{"line":271,"column":12},"end":{"line":271,"column":41}},"108":{"start":{"line":272,"column":12},"end":{"line":272,"column":41}},"109":{"start":{"line":274,"column":12},"end":{"line":274,"column":23}},"110":{"start":{"line":283,"column":12},"end":{"line":290,"column":99}},"111":{"start":{"line":284,"column":16},"end":{"line":284,"column":125}},"112":{"start":{"line":284,"column":116},"end":{"line":284,"column":125}},"113":{"start":{"line":285,"column":16},"end":{"line":289,"column":17}},"114":{"start":{"line":299,"column":12},"end":{"line":299,"column":36}},"115":{"start":{"line":299,"column":25},"end":{"line":299,"column":36}},"116":{"start":{"line":300,"column":38},"end":{"line":300,"column":69}},"117":{"start":{"line":301,"column":12},"end":{"line":303,"column":13}},"118":{"start":{"line":302,"column":16},"end":{"line":302,"column":27}},"119":{"start":{"line":305,"column":12},"end":{"line":310,"column":13}}},"fnMap":{"0":{"name":"(anonymous_0)","decl":{"start":{"line":11,"column":17},"end":{"line":11,"column":18}},"loc":{"start":{"line":11,"column":29},"end":{"line":313,"column":1}},"line":11},"1":{"name":"(anonymous_1)","decl":{"start":{"line":21,"column":8},"end":{"line":21,"column":9}},"loc":{"start":{"line":21,"column":33},"end":{"line":28,"column":9}},"line":21},"2":{"name":"(anonymous_2)","decl":{"start":{"line":38,"column":8},"end":{"line":38,"column":9}},"loc":{"start":{"line":38,"column":35},"end":{"line":88,"column":9}},"line":38},"3":{"name":"(anonymous_3)","decl":{"start":{"line":94,"column":8},"end":{"line":94,"column":9}},"loc":{"start":{"line":94,"column":37},"end":{"line":138,"column":9}},"line":94},"4":{"name":"(anonymous_4)","decl":{"start":{"line":106,"column":31},"end":{"line":106,"column":32}},"loc":{"start":{"line":106,"column":41},"end":{"line":106,"column":89}},"line":106},"5":{"name":"(anonymous_5)","decl":{"start":{"line":144,"column":8},"end":{"line":144,"column":9}},"loc":{"start":{"line":144,"column":24},"end":{"line":148,"column":9}},"line":144},"6":{"name":"(anonymous_6)","decl":{"start":{"line":156,"column":8},"end":{"line":156,"column":9}},"loc":{"start":{"line":156,"column":34},"end":{"line":162,"column":9}},"line":156},"7":{"name":"(anonymous_7)","decl":{"start":{"line":167,"column":8},"end":{"line":167,"column":9}},"loc":{"start":{"line":167,"column":24},"end":{"line":169,"column":9}},"line":167},"8":{"name":"(anonymous_8)","decl":{"start":{"line":174,"column":8},"end":{"line":174,"column":9}},"loc":{"start":{"line":174,"column":26},"end":{"line":176,"column":9}},"line":174},"9":{"name":"(anonymous_9)","decl":{"start":{"line":178,"column":8},"end":{"line":178,"column":9}},"loc":{"start":{"line":178,"column":25},"end":{"line":190,"column":9}},"line":178},"10":{"name":"(anonymous_10)","decl":{"start":{"line":197,"column":8},"end":{"line":197,"column":9}},"loc":{"start":{"line":197,"column":22},"end":{"line":213,"column":9}},"line":197},"11":{"name":"(anonymous_11)","decl":{"start":{"line":219,"column":8},"end":{"line":219,"column":9}},"loc":{"start":{"line":219,"column":27},"end":{"line":253,"column":9}},"line":219},"12":{"name":"(anonymous_12)","decl":{"start":{"line":238,"column":40},"end":{"line":238,"column":41}},"loc":{"start":{"line":238,"column":54},"end":{"line":247,"column":13}},"line":238},"13":{"name":"(anonymous_13)","decl":{"start":{"line":258,"column":8},"end":{"line":258,"column":9}},"loc":{"start":{"line":258,"column":52},"end":{"line":263,"column":9}},"line":258},"14":{"name":"(anonymous_14)","decl":{"start":{"line":266,"column":8},"end":{"line":266,"column":9}},"loc":{"start":{"line":266,"column":25},"end":{"line":275,"column":9}},"line":266},"15":{"name":"(anonymous_15)","decl":{"start":{"line":281,"column":8},"end":{"line":281,"column":9}},"loc":{"start":{"line":281,"column":26},"end":{"line":291,"column":9}},"line":281},"16":{"name":"(anonymous_16)","decl":{"start":{"line":283,"column":20},"end":{"line":283,"column":21}},"loc":{"start":{"line":283,"column":32},"end":{"line":290,"column":13}},"line":283},"17":{"name":"(anonymous_17)","decl":{"start":{"line":297,"column":8},"end":{"line":297,"column":9}},"loc":{"start":{"line":297,"column":29},"end":{"line":311,"column":9}},"line":297}},"branchMap":{"0":{"loc":{"start":{"line":38,"column":14},"end":{"line":38,"column":21}},"type":"default-arg","locations":[{"start":{"line":38,"column":19},"end":{"line":38,"column":21}}],"line":38},"1":{"loc":{"start":{"line":38,"column":23},"end":{"line":38,"column":33}},"type":"default-arg","locations":[{"start":{"line":38,"column":31},"end":{"line":38,"column":33}}],"line":38},"2":{"loc":{"start":{"line":40,"column":12},"end":{"line":42,"column":13}},"type":"if","locations":[{"start":{"line":40,"column":12},"end":{"line":42,"column":13}},{"start":{"line":40,"column":12},"end":{"line":42,"column":13}}],"line":40},"3":{"loc":{"start":{"line":43,"column":12},"end":{"line":45,"column":13}},"type":"if","locations":[{"start":{"line":43,"column":12},"end":{"line":45,"column":13}},{"start":{"line":43,"column":12},"end":{"line":45,"column":13}}],"line":43},"4":{"loc":{"start":{"line":46,"column":12},"end":{"line":48,"column":13}},"type":"if","locations":[{"start":{"line":46,"column":12},"end":{"line":48,"column":13}},{"start":{"line":46,"column":12},"end":{"line":48,"column":13}}],"line":46},"5":{"loc":{"start":{"line":51,"column":12},"end":{"line":53,"column":13}},"type":"if","locations":[{"start":{"line":51,"column":12},"end":{"line":53,"column":13}},{"start":{"line":51,"column":12},"end":{"line":53,"column":13}}],"line":51},"6":{"loc":{"start":{"line":59,"column":12},"end":{"line":61,"column":13}},"type":"if","locations":[{"start":{"line":59,"column":12},"end":{"line":61,"column":13}},{"start":{"line":59,"column":12},"end":{"line":61,"column":13}}],"line":59},"7":{"loc":{"start":{"line":59,"column":16},"end":{"line":59,"column":38}},"type":"binary-expr","locations":[{"start":{"line":59,"column":16},"end":{"line":59,"column":29}},{"start":{"line":59,"column":33},"end":{"line":59,"column":38}}],"line":59},"8":{"loc":{"start":{"line":65,"column":12},"end":{"line":70,"column":13}},"type":"if","locations":[{"start":{"line":65,"column":12},"end":{"line":70,"column":13}},{"start":{"line":65,"column":12},"end":{"line":70,"column":13}}],"line":65},"9":{"loc":{"start":{"line":65,"column":16},"end":{"line":65,"column":49}},"type":"binary-expr","locations":[{"start":{"line":65,"column":16},"end":{"line":65,"column":26}},{"start":{"line":65,"column":30},"end":{"line":65,"column":49}}],"line":65},"10":{"loc":{"start":{"line":76,"column":32},"end":{"line":76,"column":68}},"type":"binary-expr","locations":[{"start":{"line":76,"column":32},"end":{"line":76,"column":62}},{"start":{"line":76,"column":66},"end":{"line":76,"column":68}}],"line":76},"11":{"loc":{"start":{"line":96,"column":12},"end":{"line":98,"column":13}},"type":"if","locations":[{"start":{"line":96,"column":12},"end":{"line":98,"column":13}},{"start":{"line":96,"column":12},"end":{"line":98,"column":13}}],"line":96},"12":{"loc":{"start":{"line":100,"column":12},"end":{"line":104,"column":13}},"type":"if","locations":[{"start":{"line":100,"column":12},"end":{"line":104,"column":13}},{"start":{"line":100,"column":12},"end":{"line":104,"column":13}}],"line":100},"13":{"loc":{"start":{"line":107,"column":12},"end":{"line":109,"column":13}},"type":"if","locations":[{"start":{"line":107,"column":12},"end":{"line":109,"column":13}},{"start":{"line":107,"column":12},"end":{"line":109,"column":13}}],"line":107},"14":{"loc":{"start":{"line":114,"column":12},"end":{"line":116,"column":13}},"type":"if","locations":[{"start":{"line":114,"column":12},"end":{"line":116,"column":13}},{"start":{"line":114,"column":12},"end":{"line":116,"column":13}}],"line":114},"15":{"loc":{"start":{"line":119,"column":12},"end":{"line":119,"column":73}},"type":"if","locations":[{"start":{"line":119,"column":12},"end":{"line":119,"column":73}},{"start":{"line":119,"column":12},"end":{"line":119,"column":73}}],"line":119},"16":{"loc":{"start":{"line":123,"column":12},"end":{"line":125,"column":13}},"type":"if","locations":[{"start":{"line":123,"column":12},"end":{"line":125,"column":13}},{"start":{"line":123,"column":12},"end":{"line":125,"column":13}}],"line":123},"17":{"loc":{"start":{"line":146,"column":12},"end":{"line":146,"column":50}},"type":"if","locations":[{"start":{"line":146,"column":12},"end":{"line":146,"column":50}},{"start":{"line":146,"column":12},"end":{"line":146,"column":50}}],"line":146},"18":{"loc":{"start":{"line":156,"column":22},"end":{"line":156,"column":32}},"type":"default-arg","locations":[{"start":{"line":156,"column":30},"end":{"line":156,"column":32}}],"line":156},"19":{"loc":{"start":{"line":180,"column":16},"end":{"line":185,"column":17}},"type":"if","locations":[{"start":{"line":180,"column":16},"end":{"line":185,"column":17}},{"start":{"line":180,"column":16},"end":{"line":185,"column":17}}],"line":180},"20":{"loc":{"start":{"line":180,"column":20},"end":{"line":182,"column":58}},"type":"binary-expr","locations":[{"start":{"line":180,"column":20},"end":{"line":180,"column":58}},{"start":{"line":181,"column":20},"end":{"line":181,"column":63}},{"start":{"line":182,"column":20},"end":{"line":182,"column":58}}],"line":180},"21":{"loc":{"start":{"line":198,"column":12},"end":{"line":201,"column":13}},"type":"if","locations":[{"start":{"line":198,"column":12},"end":{"line":201,"column":13}},{"start":{"line":198,"column":12},"end":{"line":201,"column":13}}],"line":198},"22":{"loc":{"start":{"line":198,"column":16},"end":{"line":198,"column":35}},"type":"binary-expr","locations":[{"start":{"line":198,"column":16},"end":{"line":198,"column":19}},{"start":{"line":198,"column":23},"end":{"line":198,"column":35}}],"line":198},"23":{"loc":{"start":{"line":199,"column":16},"end":{"line":199,"column":102}},"type":"if","locations":[{"start":{"line":199,"column":16},"end":{"line":199,"column":102}},{"start":{"line":199,"column":16},"end":{"line":199,"column":102}}],"line":199},"24":{"loc":{"start":{"line":199,"column":20},"end":{"line":199,"column":39}},"type":"binary-expr","locations":[{"start":{"line":199,"column":20},"end":{"line":199,"column":30}},{"start":{"line":199,"column":34},"end":{"line":199,"column":39}}],"line":199},"25":{"loc":{"start":{"line":202,"column":12},"end":{"line":205,"column":13}},"type":"if","locations":[{"start":{"line":202,"column":12},"end":{"line":205,"column":13}},{"start":{"line":202,"column":12},"end":{"line":205,"column":13}}],"line":202},"26":{"loc":{"start":{"line":203,"column":16},"end":{"line":203,"column":95}},"type":"if","locations":[{"start":{"line":203,"column":16},"end":{"line":203,"column":95}},{"start":{"line":203,"column":16},"end":{"line":203,"column":95}}],"line":203},"27":{"loc":{"start":{"line":220,"column":12},"end":{"line":220,"column":34}},"type":"if","locations":[{"start":{"line":220,"column":12},"end":{"line":220,"column":34}},{"start":{"line":220,"column":12},"end":{"line":220,"column":34}}],"line":220},"28":{"loc":{"start":{"line":232,"column":12},"end":{"line":235,"column":75}},"type":"if","locations":[{"start":{"line":232,"column":12},"end":{"line":235,"column":75}},{"start":{"line":232,"column":12},"end":{"line":235,"column":75}}],"line":232},"29":{"loc":{"start":{"line":239,"column":16},"end":{"line":245,"column":17}},"type":"if","locations":[{"start":{"line":239,"column":16},"end":{"line":245,"column":17}},{"start":{"line":239,"column":16},"end":{"line":245,"column":17}}],"line":239},"30":{"loc":{"start":{"line":240,"column":20},"end":{"line":241,"column":40}},"type":"if","locations":[{"start":{"line":240,"column":20},"end":{"line":241,"column":40}},{"start":{"line":240,"column":20},"end":{"line":241,"column":40}}],"line":240},"31":{"loc":{"start":{"line":243,"column":21},"end":{"line":245,"column":17}},"type":"if","locations":[{"start":{"line":243,"column":21},"end":{"line":245,"column":17}},{"start":{"line":243,"column":21},"end":{"line":245,"column":17}}],"line":243},"32":{"loc":{"start":{"line":248,"column":12},"end":{"line":251,"column":13}},"type":"if","locations":[{"start":{"line":248,"column":12},"end":{"line":251,"column":13}},{"start":{"line":248,"column":12},"end":{"line":251,"column":13}}],"line":248},"33":{"loc":{"start":{"line":249,"column":16},"end":{"line":249,"column":81}},"type":"if","locations":[{"start":{"line":249,"column":16},"end":{"line":249,"column":81}},{"start":{"line":249,"column":16},"end":{"line":249,"column":81}}],"line":249},"34":{"loc":{"start":{"line":267,"column":12},"end":{"line":269,"column":13}},"type":"if","locations":[{"start":{"line":267,"column":12},"end":{"line":269,"column":13}},{"start":{"line":267,"column":12},"end":{"line":269,"column":13}}],"line":267},"35":{"loc":{"start":{"line":284,"column":16},"end":{"line":284,"column":125}},"type":"if","locations":[{"start":{"line":284,"column":16},"end":{"line":284,"column":125}},{"start":{"line":284,"column":16},"end":{"line":284,"column":125}}],"line":284},"36":{"loc":{"start":{"line":284,"column":20},"end":{"line":284,"column":114}},"type":"binary-expr","locations":[{"start":{"line":284,"column":20},"end":{"line":284,"column":47}},{"start":{"line":284,"column":51},"end":{"line":284,"column":83}},{"start":{"line":284,"column":87},"end":{"line":284,"column":114}}],"line":284},"37":{"loc":{"start":{"line":299,"column":12},"end":{"line":299,"column":36}},"type":"if","locations":[{"start":{"line":299,"column":12},"end":{"line":299,"column":36}},{"start":{"line":299,"column":12},"end":{"line":299,"column":36}}],"line":299},"38":{"loc":{"start":{"line":300,"column":38},"end":{"line":300,"column":69}},"type":"binary-expr","locations":[{"start":{"line":300,"column":38},"end":{"line":300,"column":63}},{"start":{"line":300,"column":67},"end":{"line":300,"column":69}}],"line":300},"39":{"loc":{"start":{"line":301,"column":12},"end":{"line":303,"column":13}},"type":"if","locations":[{"start":{"line":301,"column":12},"end":{"line":303,"column":13}},{"start":{"line":301,"column":12},"end":{"line":303,"column":13}}],"line":301}},"s":{"0":1,"1":1,"2":1,"3":1,"4":1,"5":1,"6":1,"7":1,"8":1,"9":1,"10":1,"11":1,"12":1,"13":3,"14":0,"15":3,"16":0,"17":3,"18":0,"19":3,"20":0,"21":3,"22":3,"23":0,"24":3,"25":3,"26":0,"27":3,"28":3,"29":3,"30":3,"31":1,"32":1,"33":0,"34":1,"35":0,"36":0,"37":1,"38":2,"39":1,"40":0,"41":1,"42":1,"43":1,"44":1,"45":0,"46":1,"47":0,"48":1,"49":1,"50":0,"51":1,"52":1,"53":0,"54":0,"55":2,"56":2,"57":0,"58":2,"59":3,"60":3,"61":3,"62":3,"63":8,"64":0,"65":5,"66":5,"67":2,"68":1,"69":2,"70":3,"71":0,"72":0,"73":0,"74":3,"75":1,"76":0,"77":1,"78":2,"79":2,"80":3,"81":0,"82":3,"83":3,"84":3,"85":3,"86":0,"87":3,"88":15,"89":9,"90":6,"91":3,"92":6,"93":6,"94":15,"95":3,"96":0,"97":0,"98":0,"99":3,"100":3,"101":3,"102":3,"103":3,"104":1,"105":0,"106":1,"107":1,"108":1,"109":1,"110":15,"111":15,"112":1,"113":14,"114":3,"115":0,"116":3,"117":3,"118":2,"119":1},"f":{"0":1,"1":1,"2":3,"3":1,"4":2,"5":2,"6":3,"7":8,"8":0,"9":5,"10":3,"11":3,"12":15,"13":3,"14":1,"15":15,"16":15,"17":3},"b":{"0":[0],"1":[0],"2":[0,3],"3":[0,3],"4":[0,3],"5":[0,3],"6":[0,3],"7":[3,3],"8":[0,3],"9":[3,0],"10":[3,2],"11":[0,1],"12":[0,1],"13":[0,1],"14":[0,1],"15":[0,1],"16":[0,1],"17":[0,2],"18":[0],"19":[2,2],"20":[5,2,2],"21":[0,3],"22":[3,3],"23":[0,0],"24":[0,0],"25":[1,2],"26":[0,1],"27":[0,3],"28":[3,0],"29":[9,6],"30":[6,3],"31":[6,0],"32":[0,3],"33":[0,0],"34":[0,1],"35":[1,14],"36":[15,14,14],"37":[0,3],"38":[3,2],"39":[2,1]},"_coverageSchema":"1a1c01bbd47fc00a2c39e90264f33305004495a9","hash":"62cf88cb32de3de7c42371714926ed57383d8f9a","contentHash":"53d9399e7cef0c96309f3229d3f7ae72d280b78cdcb3e71ff374e1a6738282d3"},"X:\\workflow\\open-projects\\simple-order-api\\libs\\simple-order\\Store.js":{"path":"X:\\workflow\\open-projects\\simple-order-api\\libs\\simple-order\\Store.js","statementMap":{"0":{"start":{"line":1,"column":0},"end":{"line":1,"column":12}},"1":{"start":{"line":10,"column":0},"end":{"line":284,"column":1}},"2":{"start":{"line":14,"column":25},"end":{"line":14,"column":52}},"3":{"start":{"line":15,"column":26},"end":{"line":15,"column":46}},"4":{"start":{"line":18,"column":52},"end":{"line":18,"column":71}},"5":{"start":{"line":20,"column":60},"end":{"line":20,"column":79}},"6":{"start":{"line":21,"column":59},"end":{"line":21,"column":76}},"7":{"start":{"line":22,"column":4},"end":{"line":283,"column":5}},"8":{"start":{"line":28,"column":12},"end":{"line":28,"column":38}},"9":{"start":{"line":29,"column":12},"end":{"line":29,"column":38}},"10":{"start":{"line":30,"column":12},"end":{"line":30,"column":83}},"11":{"start":{"line":31,"column":12},"end":{"line":31,"column":79}},"12":{"start":{"line":32,"column":12},"end":{"line":32,"column":29}},"13":{"start":{"line":33,"column":12},"end":{"line":33,"column":33}},"14":{"start":{"line":42,"column":12},"end":{"line":42,"column":38}},"15":{"start":{"line":43,"column":12},"end":{"line":43,"column":45}},"16":{"start":{"line":43,"column":28},"end":{"line":43,"column":45}},"17":{"start":{"line":44,"column":12},"end":{"line":57,"column":13}},"18":{"start":{"line":45,"column":16},"end":{"line":48,"column":22}},"19":{"start":{"line":46,"column":20},"end":{"line":46,"column":65}},"20":{"start":{"line":47,"column":20},"end":{"line":47,"column":28}},"21":{"start":{"line":51,"column":16},"end":{"line":53,"column":17}},"22":{"start":{"line":56,"column":16},"end":{"line":56,"column":67}},"23":{"start":{"line":69,"column":12},"end":{"line":69,"column":29}},"24":{"start":{"line":76,"column":12},"end":{"line":83,"column":13}},"25":{"start":{"line":77,"column":16},"end":{"line":77,"column":36}},"26":{"start":{"line":78,"column":16},"end":{"line":78,"column":42}},"27":{"start":{"line":79,"column":16},"end":{"line":79,"column":27}},"28":{"start":{"line":81,"column":16},"end":{"line":81,"column":33}},"29":{"start":{"line":82,"column":16},"end":{"line":82,"column":27}},"30":{"start":{"line":87,"column":12},"end":{"line":87,"column":72}},"31":{"start":{"line":109,"column":12},"end":{"line":109,"column":74}},"32":{"start":{"line":113,"column":12},"end":{"line":113,"column":27}},"33":{"start":{"line":121,"column":12},"end":{"line":121,"column":61}},"34":{"start":{"line":121,"column":36},"end":{"line":121,"column":61}},"35":{"start":{"line":122,"column":12},"end":{"line":122,"column":53}},"36":{"start":{"line":123,"column":12},"end":{"line":123,"column":37}},"37":{"start":{"line":133,"column":12},"end":{"line":133,"column":99}},"38":{"start":{"line":133,"column":44},"end":{"line":133,"column":99}},"39":{"start":{"line":134,"column":12},"end":{"line":136,"column":13}},"40":{"start":{"line":135,"column":16},"end":{"line":135,"column":65}},"41":{"start":{"line":138,"column":12},"end":{"line":141,"column":13}},"42":{"start":{"line":138,"column":25},"end":{"line":138,"column":26}},"43":{"start":{"line":139,"column":35},"end":{"line":139,"column":63}},"44":{"start":{"line":140,"column":16},"end":{"line":140,"column":156}},"45":{"start":{"line":140,"column":68},"end":{"line":140,"column":156}},"46":{"start":{"line":143,"column":12},"end":{"line":160,"column":13}},"47":{"start":{"line":144,"column":16},"end":{"line":146,"column":17}},"48":{"start":{"line":145,"column":20},"end":{"line":145,"column":76}},"49":{"start":{"line":148,"column":16},"end":{"line":158,"column":17}},"50":{"start":{"line":148,"column":29},"end":{"line":148,"column":30}},"51":{"start":{"line":149,"column":41},"end":{"line":149,"column":70}},"52":{"start":{"line":150,"column":20},"end":{"line":150,"column":132}},"53":{"start":{"line":150,"column":76},"end":{"line":150,"column":132}},"54":{"start":{"line":152,"column":20},"end":{"line":152,"column":135}},"55":{"start":{"line":152,"column":62},"end":{"line":152,"column":135}},"56":{"start":{"line":154,"column":38},"end":{"line":154,"column":66}},"57":{"start":{"line":155,"column":20},"end":{"line":157,"column":21}},"58":{"start":{"line":156,"column":24},"end":{"line":156,"column":155}},"59":{"start":{"line":162,"column":12},"end":{"line":162,"column":23}},"60":{"start":{"line":169,"column":31},"end":{"line":172,"column":13}},"61":{"start":{"line":170,"column":16},"end":{"line":170,"column":66}},"62":{"start":{"line":171,"column":16},"end":{"line":171,"column":87}},"63":{"start":{"line":174,"column":12},"end":{"line":174,"column":80}},"64":{"start":{"line":174,"column":68},"end":{"line":174,"column":80}},"65":{"start":{"line":176,"column":28},"end":{"line":176,"column":30}},"66":{"start":{"line":177,"column":12},"end":{"line":210,"column":13}},"67":{"start":{"line":178,"column":16},"end":{"line":183,"column":17}},"68":{"start":{"line":180,"column":20},"end":{"line":180,"column":106}},"69":{"start":{"line":180,"column":36},"end":{"line":180,"column":106}},"70":{"start":{"line":182,"column":20},"end":{"line":182,"column":28}},"71":{"start":{"line":186,"column":16},"end":{"line":190,"column":17}},"72":{"start":{"line":187,"column":20},"end":{"line":187,"column":136}},"73":{"start":{"line":187,"column":36},"end":{"line":187,"column":136}},"74":{"start":{"line":189,"column":20},"end":{"line":189,"column":28}},"75":{"start":{"line":191,"column":16},"end":{"line":195,"column":17}},"76":{"start":{"line":192,"column":20},"end":{"line":192,"column":121}},"77":{"start":{"line":192,"column":36},"end":{"line":192,"column":121}},"78":{"start":{"line":194,"column":20},"end":{"line":194,"column":28}},"79":{"start":{"line":197,"column":16},"end":{"line":201,"column":17}},"80":{"start":{"line":198,"column":20},"end":{"line":198,"column":120}},"81":{"start":{"line":198,"column":36},"end":{"line":198,"column":120}},"82":{"start":{"line":200,"column":20},"end":{"line":200,"column":28}},"83":{"start":{"line":203,"column":16},"end":{"line":207,"column":17}},"84":{"start":{"line":204,"column":20},"end":{"line":204,"column":124}},"85":{"start":{"line":204,"column":36},"end":{"line":204,"column":124}},"86":{"start":{"line":206,"column":20},"end":{"line":206,"column":28}},"87":{"start":{"line":209,"column":16},"end":{"line":209,"column":36}},"88":{"start":{"line":212,"column":12},"end":{"line":215,"column":13}},"89":{"start":{"line":214,"column":16},"end":{"line":214,"column":28}},"90":{"start":{"line":216,"column":12},"end":{"line":216,"column":26}},"91":{"start":{"line":224,"column":12},"end":{"line":231,"column":13}},"92":{"start":{"line":225,"column":16},"end":{"line":227,"column":17}},"93":{"start":{"line":226,"column":20},"end":{"line":226,"column":35}},"94":{"start":{"line":229,"column":16},"end":{"line":229,"column":73}},"95":{"start":{"line":230,"column":16},"end":{"line":230,"column":28}},"96":{"start":{"line":232,"column":28},"end":{"line":247,"column":13}},"97":{"start":{"line":234,"column":25},"end":{"line":234,"column":29}},"98":{"start":{"line":235,"column":29},"end":{"line":235,"column":59}},"99":{"start":{"line":238,"column":16},"end":{"line":238,"column":62}},"100":{"start":{"line":238,"column":51},"end":{"line":238,"column":62}},"101":{"start":{"line":240,"column":16},"end":{"line":245,"column":17}},"102":{"start":{"line":240,"column":29},"end":{"line":240,"column":30}},"103":{"start":{"line":241,"column":34},"end":{"line":241,"column":41}},"104":{"start":{"line":242,"column":33},"end":{"line":242,"column":81}},"105":{"start":{"line":243,"column":34},"end":{"line":243,"column":74}},"106":{"start":{"line":243,"column":51},"end":{"line":243,"column":73}},"107":{"start":{"line":244,"column":20},"end":{"line":244,"column":53}},"108":{"start":{"line":246,"column":16},"end":{"line":246,"column":25}},"109":{"start":{"line":248,"column":12},"end":{"line":248,"column":75}},"110":{"start":{"line":248,"column":28},"end":{"line":248,"column":75}},"111":{"start":{"line":249,"column":12},"end":{"line":249,"column":23}},"112":{"start":{"line":259,"column":12},"end":{"line":259,"column":54}},"113":{"start":{"line":259,"column":43},"end":{"line":259,"column":54}},"114":{"start":{"line":260,"column":26},"end":{"line":260,"column":28}},"115":{"start":{"line":261,"column":12},"end":{"line":280,"column":13}},"116":{"start":{"line":262,"column":49},"end":{"line":262,"column":59}},"117":{"start":{"line":263,"column":16},"end":{"line":278,"column":22}},"118":{"start":{"line":264,"column":20},"end":{"line":277,"column":21}},"119":{"start":{"line":265,"column":42},"end":{"line":265,"column":52}},"120":{"start":{"line":268,"column":39},"end":{"line":268,"column":105}},"121":{"start":{"line":269,"column":24},"end":{"line":269,"column":67}},"122":{"start":{"line":272,"column":24},"end":{"line":276,"column":25}},"123":{"start":{"line":273,"column":28},"end":{"line":273,"column":50}},"124":{"start":{"line":275,"column":28},"end":{"line":275,"column":54}},"125":{"start":{"line":279,"column":16},"end":{"line":279,"column":33}},"126":{"start":{"line":281,"column":12},"end":{"line":281,"column":24}}},"fnMap":{"0":{"name":"(anonymous_0)","decl":{"start":{"line":10,"column":17},"end":{"line":10,"column":18}},"loc":{"start":{"line":10,"column":29},"end":{"line":284,"column":1}},"line":10},"1":{"name":"(anonymous_1)","decl":{"start":{"line":27,"column":8},"end":{"line":27,"column":9}},"loc":{"start":{"line":27,"column":38},"end":{"line":34,"column":9}},"line":27},"2":{"name":"(anonymous_2)","decl":{"start":{"line":41,"column":8},"end":{"line":41,"column":9}},"loc":{"start":{"line":41,"column":19},"end":{"line":70,"column":9}},"line":41},"3":{"name":"(anonymous_3)","decl":{"start":{"line":45,"column":42},"end":{"line":45,"column":43}},"loc":{"start":{"line":45,"column":56},"end":{"line":48,"column":17}},"line":45},"4":{"name":"(anonymous_4)","decl":{"start":{"line":75,"column":8},"end":{"line":75,"column":9}},"loc":{"start":{"line":75,"column":20},"end":{"line":84,"column":9}},"line":75},"5":{"name":"(anonymous_5)","decl":{"start":{"line":86,"column":8},"end":{"line":86,"column":9}},"loc":{"start":{"line":86,"column":33},"end":{"line":106,"column":9}},"line":86},"6":{"name":"(anonymous_6)","decl":{"start":{"line":108,"column":8},"end":{"line":108,"column":9}},"loc":{"start":{"line":108,"column":26},"end":{"line":110,"column":9}},"line":108},"7":{"name":"(anonymous_7)","decl":{"start":{"line":112,"column":8},"end":{"line":112,"column":9}},"loc":{"start":{"line":112,"column":23},"end":{"line":115,"column":9}},"line":112},"8":{"name":"(anonymous_8)","decl":{"start":{"line":119,"column":8},"end":{"line":119,"column":9}},"loc":{"start":{"line":119,"column":27},"end":{"line":124,"column":9}},"line":119},"9":{"name":"(anonymous_9)","decl":{"start":{"line":131,"column":8},"end":{"line":131,"column":9}},"loc":{"start":{"line":131,"column":25},"end":{"line":163,"column":9}},"line":131},"10":{"name":"(anonymous_10)","decl":{"start":{"line":167,"column":8},"end":{"line":167,"column":9}},"loc":{"start":{"line":167,"column":24},"end":{"line":218,"column":9}},"line":167},"11":{"name":"(anonymous_11)","decl":{"start":{"line":169,"column":31},"end":{"line":169,"column":32}},"loc":{"start":{"line":169,"column":37},"end":{"line":172,"column":13}},"line":169},"12":{"name":"(anonymous_12)","decl":{"start":{"line":223,"column":8},"end":{"line":223,"column":9}},"loc":{"start":{"line":223,"column":21},"end":{"line":250,"column":9}},"line":223},"13":{"name":"(anonymous_13)","decl":{"start":{"line":232,"column":28},"end":{"line":232,"column":29}},"loc":{"start":{"line":232,"column":34},"end":{"line":247,"column":13}},"line":232},"14":{"name":"(anonymous_14)","decl":{"start":{"line":243,"column":46},"end":{"line":243,"column":47}},"loc":{"start":{"line":243,"column":51},"end":{"line":243,"column":73}},"line":243},"15":{"name":"(anonymous_15)","decl":{"start":{"line":257,"column":8},"end":{"line":257,"column":9}},"loc":{"start":{"line":257,"column":24},"end":{"line":282,"column":9}},"line":257},"16":{"name":"(anonymous_16)","decl":{"start":{"line":263,"column":49},"end":{"line":263,"column":50}},"loc":{"start":{"line":263,"column":63},"end":{"line":278,"column":17}},"line":263}},"branchMap":{"0":{"loc":{"start":{"line":27,"column":20},"end":{"line":27,"column":29}},"type":"default-arg","locations":[{"start":{"line":27,"column":27},"end":{"line":27,"column":29}}],"line":27},"1":{"loc":{"start":{"line":29,"column":25},"end":{"line":29,"column":38}},"type":"binary-expr","locations":[{"start":{"line":29,"column":25},"end":{"line":29,"column":30}},{"start":{"line":29,"column":34},"end":{"line":29,"column":38}}],"line":29},"2":{"loc":{"start":{"line":30,"column":32},"end":{"line":30,"column":83}},"type":"binary-expr","locations":[{"start":{"line":30,"column":32},"end":{"line":30,"column":56}},{"start":{"line":30,"column":60},"end":{"line":30,"column":83}}],"line":30},"3":{"loc":{"start":{"line":30,"column":33},"end":{"line":30,"column":43}},"type":"binary-expr","locations":[{"start":{"line":30,"column":33},"end":{"line":30,"column":37}},{"start":{"line":30,"column":41},"end":{"line":30,"column":43}}],"line":30},"4":{"loc":{"start":{"line":31,"column":39},"end":{"line":31,"column":79}},"type":"binary-expr","locations":[{"start":{"line":31,"column":39},"end":{"line":31,"column":71}},{"start":{"line":31,"column":75},"end":{"line":31,"column":79}}],"line":31},"5":{"loc":{"start":{"line":31,"column":40},"end":{"line":31,"column":50}},"type":"binary-expr","locations":[{"start":{"line":31,"column":40},"end":{"line":31,"column":44}},{"start":{"line":31,"column":48},"end":{"line":31,"column":50}}],"line":31},"6":{"loc":{"start":{"line":43,"column":12},"end":{"line":43,"column":45}},"type":"if","locations":[{"start":{"line":43,"column":12},"end":{"line":43,"column":45}},{"start":{"line":43,"column":12},"end":{"line":43,"column":45}}],"line":43},"7":{"loc":{"start":{"line":109,"column":19},"end":{"line":109,"column":74}},"type":"binary-expr","locations":[{"start":{"line":109,"column":19},"end":{"line":109,"column":36}},{"start":{"line":109,"column":40},"end":{"line":109,"column":74}}],"line":109},"8":{"loc":{"start":{"line":121,"column":12},"end":{"line":121,"column":61}},"type":"if","locations":[{"start":{"line":121,"column":12},"end":{"line":121,"column":61}},{"start":{"line":121,"column":12},"end":{"line":121,"column":61}}],"line":121},"9":{"loc":{"start":{"line":133,"column":12},"end":{"line":133,"column":99}},"type":"if","locations":[{"start":{"line":133,"column":12},"end":{"line":133,"column":99}},{"start":{"line":133,"column":12},"end":{"line":133,"column":99}}],"line":133},"10":{"loc":{"start":{"line":134,"column":12},"end":{"line":136,"column":13}},"type":"if","locations":[{"start":{"line":134,"column":12},"end":{"line":136,"column":13}},{"start":{"line":134,"column":12},"end":{"line":136,"column":13}}],"line":134},"11":{"loc":{"start":{"line":140,"column":16},"end":{"line":140,"column":156}},"type":"if","locations":[{"start":{"line":140,"column":16},"end":{"line":140,"column":156}},{"start":{"line":140,"column":16},"end":{"line":140,"column":156}}],"line":140},"12":{"loc":{"start":{"line":140,"column":20},"end":{"line":140,"column":66}},"type":"binary-expr","locations":[{"start":{"line":140,"column":20},"end":{"line":140,"column":43}},{"start":{"line":140,"column":47},"end":{"line":140,"column":66}}],"line":140},"13":{"loc":{"start":{"line":143,"column":12},"end":{"line":160,"column":13}},"type":"if","locations":[{"start":{"line":143,"column":12},"end":{"line":160,"column":13}},{"start":{"line":143,"column":12},"end":{"line":160,"column":13}}],"line":143},"14":{"loc":{"start":{"line":144,"column":16},"end":{"line":146,"column":17}},"type":"if","locations":[{"start":{"line":144,"column":16},"end":{"line":146,"column":17}},{"start":{"line":144,"column":16},"end":{"line":146,"column":17}}],"line":144},"15":{"loc":{"start":{"line":150,"column":20},"end":{"line":150,"column":132}},"type":"if","locations":[{"start":{"line":150,"column":20},"end":{"line":150,"column":132}},{"start":{"line":150,"column":20},"end":{"line":150,"column":132}}],"line":150},"16":{"loc":{"start":{"line":150,"column":24},"end":{"line":150,"column":74}},"type":"binary-expr","locations":[{"start":{"line":150,"column":24},"end":{"line":150,"column":49}},{"start":{"line":150,"column":53},"end":{"line":150,"column":74}}],"line":150},"17":{"loc":{"start":{"line":152,"column":20},"end":{"line":152,"column":135}},"type":"if","locations":[{"start":{"line":152,"column":20},"end":{"line":152,"column":135}},{"start":{"line":152,"column":20},"end":{"line":152,"column":135}}],"line":152},"18":{"loc":{"start":{"line":155,"column":20},"end":{"line":157,"column":21}},"type":"if","locations":[{"start":{"line":155,"column":20},"end":{"line":157,"column":21}},{"start":{"line":155,"column":20},"end":{"line":157,"column":21}}],"line":155},"19":{"loc":{"start":{"line":174,"column":12},"end":{"line":174,"column":80}},"type":"if","locations":[{"start":{"line":174,"column":12},"end":{"line":174,"column":80}},{"start":{"line":174,"column":12},"end":{"line":174,"column":80}}],"line":174},"20":{"loc":{"start":{"line":174,"column":16},"end":{"line":174,"column":66}},"type":"binary-expr","locations":[{"start":{"line":174,"column":16},"end":{"line":174,"column":37}},{"start":{"line":174,"column":41},"end":{"line":174,"column":66}}],"line":174},"21":{"loc":{"start":{"line":178,"column":16},"end":{"line":183,"column":17}},"type":"if","locations":[{"start":{"line":178,"column":16},"end":{"line":183,"column":17}},{"start":{"line":178,"column":16},"end":{"line":183,"column":17}}],"line":178},"22":{"loc":{"start":{"line":180,"column":20},"end":{"line":180,"column":106}},"type":"if","locations":[{"start":{"line":180,"column":20},"end":{"line":180,"column":106}},{"start":{"line":180,"column":20},"end":{"line":180,"column":106}}],"line":180},"23":{"loc":{"start":{"line":186,"column":16},"end":{"line":190,"column":17}},"type":"if","locations":[{"start":{"line":186,"column":16},"end":{"line":190,"column":17}},{"start":{"line":186,"column":16},"end":{"line":190,"column":17}}],"line":186},"24":{"loc":{"start":{"line":187,"column":20},"end":{"line":187,"column":136}},"type":"if","locations":[{"start":{"line":187,"column":20},"end":{"line":187,"column":136}},{"start":{"line":187,"column":20},"end":{"line":187,"column":136}}],"line":187},"25":{"loc":{"start":{"line":191,"column":16},"end":{"line":195,"column":17}},"type":"if","locations":[{"start":{"line":191,"column":16},"end":{"line":195,"column":17}},{"start":{"line":191,"column":16},"end":{"line":195,"column":17}}],"line":191},"26":{"loc":{"start":{"line":191,"column":20},"end":{"line":191,"column":79}},"type":"binary-expr","locations":[{"start":{"line":191,"column":20},"end":{"line":191,"column":44}},{"start":{"line":191,"column":48},"end":{"line":191,"column":79}}],"line":191},"27":{"loc":{"start":{"line":192,"column":20},"end":{"line":192,"column":121}},"type":"if","locations":[{"start":{"line":192,"column":20},"end":{"line":192,"column":121}},{"start":{"line":192,"column":20},"end":{"line":192,"column":121}}],"line":192},"28":{"loc":{"start":{"line":197,"column":16},"end":{"line":201,"column":17}},"type":"if","locations":[{"start":{"line":197,"column":16},"end":{"line":201,"column":17}},{"start":{"line":197,"column":16},"end":{"line":201,"column":17}}],"line":197},"29":{"loc":{"start":{"line":197,"column":20},"end":{"line":197,"column":77}},"type":"binary-expr","locations":[{"start":{"line":197,"column":20},"end":{"line":197,"column":43}},{"start":{"line":197,"column":47},"end":{"line":197,"column":77}}],"line":197},"30":{"loc":{"start":{"line":198,"column":20},"end":{"line":198,"column":120}},"type":"if","locations":[{"start":{"line":198,"column":20},"end":{"line":198,"column":120}},{"start":{"line":198,"column":20},"end":{"line":198,"column":120}}],"line":198},"31":{"loc":{"start":{"line":203,"column":16},"end":{"line":207,"column":17}},"type":"if","locations":[{"start":{"line":203,"column":16},"end":{"line":207,"column":17}},{"start":{"line":203,"column":16},"end":{"line":207,"column":17}}],"line":203},"32":{"loc":{"start":{"line":203,"column":20},"end":{"line":203,"column":85}},"type":"binary-expr","locations":[{"start":{"line":203,"column":20},"end":{"line":203,"column":47}},{"start":{"line":203,"column":51},"end":{"line":203,"column":85}}],"line":203},"33":{"loc":{"start":{"line":204,"column":20},"end":{"line":204,"column":124}},"type":"if","locations":[{"start":{"line":204,"column":20},"end":{"line":204,"column":124}},{"start":{"line":204,"column":20},"end":{"line":204,"column":124}}],"line":204},"34":{"loc":{"start":{"line":212,"column":12},"end":{"line":215,"column":13}},"type":"if","locations":[{"start":{"line":212,"column":12},"end":{"line":215,"column":13}},{"start":{"line":212,"column":12},"end":{"line":215,"column":13}}],"line":212},"35":{"loc":{"start":{"line":225,"column":16},"end":{"line":227,"column":17}},"type":"if","locations":[{"start":{"line":225,"column":16},"end":{"line":227,"column":17}},{"start":{"line":225,"column":16},"end":{"line":227,"column":17}}],"line":225},"36":{"loc":{"start":{"line":225,"column":20},"end":{"line":225,"column":92}},"type":"binary-expr","locations":[{"start":{"line":225,"column":20},"end":{"line":225,"column":55}},{"start":{"line":225,"column":59},"end":{"line":225,"column":92}}],"line":225},"37":{"loc":{"start":{"line":235,"column":29},"end":{"line":235,"column":59}},"type":"binary-expr","locations":[{"start":{"line":235,"column":29},"end":{"line":235,"column":54}},{"start":{"line":235,"column":57},"end":{"line":235,"column":59}}],"line":235},"38":{"loc":{"start":{"line":238,"column":16},"end":{"line":238,"column":62}},"type":"if","locations":[{"start":{"line":238,"column":16},"end":{"line":238,"column":62}},{"start":{"line":238,"column"
[...]
,"column":21},"end":{"line":212,"column":9}},"line":207},"14":{"name":"(anonymous_14)","decl":{"start":{"line":217,"column":8},"end":{"line":217,"column":9}},"loc":{"start":{"line":217,"column":28},"end":{"line":231,"column":9}},"line":217},"15":{"name":"(anonymous_15)","decl":{"start":{"line":242,"column":8},"end":{"line":242,"column":9}},"loc":{"start":{"line":242,"column":38},"end":{"line":302,"column":9}},"line":242},"16":{"name":"(anonymous_16)","decl":{"start":{"line":260,"column":36},"end":{"line":260,"column":37}},"loc":{"start":{"line":260,"column":47},"end":{"line":262,"column":13}},"line":260},"17":{"name":"(anonymous_17)","decl":{"start":{"line":264,"column":32},"end":{"line":264,"column":33}},"loc":{"start":{"line":264,"column":46},"end":{"line":284,"column":13}},"line":264},"18":{"name":"(anonymous_18)","decl":{"start":{"line":266,"column":56},"end":{"line":266,"column":57}},"loc":{"start":{"line":266,"column":61},"end":{"line":283,"column":17}},"line":266},"19":{"name":"(anonymous_19)","decl":{"start":{"line":283,"column":26},"end":{"line":283,"column":27}},"loc":{"start":{"line":283,"column":31},"end":{"line":283,"column":34}},"line":283},"20":{"name":"(anonymous_20)","decl":{"start":{"line":286,"column":34},"end":{"line":286,"column":35}},"loc":{"start":{"line":286,"column":55},"end":{"line":299,"column":13}},"line":286},"21":{"name":"(anonymous_21)","decl":{"start":{"line":309,"column":8},"end":{"line":309,"column":9}},"loc":{"start":{"line":309,"column":40},"end":{"line":329,"column":9}},"line":309},"22":{"name":"(anonymous_22)","decl":{"start":{"line":315,"column":31},"end":{"line":315,"column":32}},"loc":{"start":{"line":315,"column":52},"end":{"line":324,"column":17}},"line":315},"23":{"name":"(anonymous_23)","decl":{"start":{"line":331,"column":8},"end":{"line":331,"column":9}},"loc":{"start":{"line":331,"column":27},"end":{"line":335,"column":9}},"line":331},"24":{"name":"(anonymous_24)","decl":{"start":{"line":341,"column":8},"end":{"line":341,"column":9}},"loc":{"start":{"line":341,"column":25},"end":{"line":350,"column":9}},"line":341},"25":{"name":"(anonymous_25)","decl":{"start":{"line":355,"column":8},"end":{"line":355,"column":9}},"loc":{"start":{"line":355,"column":20},"end":{"line":391,"column":9}},"line":355},"26":{"name":"(anonymous_26)","decl":{"start":{"line":362,"column":29},"end":{"line":362,"column":30}},"loc":{"start":{"line":362,"column":41},"end":{"line":364,"column":25}},"line":362},"27":{"name":"(anonymous_27)","decl":{"start":{"line":366,"column":29},"end":{"line":366,"column":30}},"loc":{"start":{"line":366,"column":42},"end":{"line":382,"column":25}},"line":366},"28":{"name":"(anonymous_28)","decl":{"start":{"line":397,"column":8},"end":{"line":397,"column":9}},"loc":{"start":{"line":397,"column":38},"end":{"line":412,"column":9}},"line":397},"29":{"name":"(anonymous_29)","decl":{"start":{"line":419,"column":8},"end":{"line":419,"column":9}},"loc":{"start":{"line":419,"column":52},"end":{"line":446,"column":9}},"line":419}},"branchMap":{"0":{"loc":{"start":{"line":34,"column":24},"end":{"line":34,"column":34}},"type":"default-arg","locations":[{"start":{"line":34,"column":32},"end":{"line":34,"column":34}}],"line":34},"1":{"loc":{"start":{"line":34,"column":36},"end":{"line":34,"column":55}},"type":"default-arg","locations":[{"start":{"line":34,"column":51},"end":{"line":34,"column":55}}],"line":34},"2":{"loc":{"start":{"line":35,"column":12},"end":{"line":35,"column":63}},"type":"if","locations":[{"start":{"line":35,"column":12},"end":{"line":35,"column":63}},{"start":{"line":35,"column":12},"end":{"line":35,"column":63}}],"line":35},"3":{"loc":{"start":{"line":36,"column":12},"end":{"line":36,"column":69}},"type":"if","locations":[{"start":{"line":36,"column":12},"end":{"line":36,"column":69}},{"start":{"line":36,"column":12},"end":{"line":36,"column":69}}],"line":36},"4":{"loc":{"start":{"line":37,"column":12},"end":{"line":37,"column":124}},"type":"if","locations":[{"start":{"line":37,"column":12},"end":{"line":37,"column":124}},{"start":{"line":37,"column":12},"end":{"line":37,"column":124}}],"line":37},"5":{"loc":{"start":{"line":37,"column":16},"end":{"line":37,"column":54}},"type":"binary-expr","locations":[{"start":{"line":37,"column":16},"end":{"line":37,"column":28}},{"start":{"line":37,"column":32},"end":{"line":37,"column":54}}],"line":37},"6":{"loc":{"start":{"line":38,"column":12},"end":{"line":38,"column":58}},"type":"if","locations":[{"start":{"line":38,"column":12},"end":{"line":38,"column":58}},{"start":{"line":38,"column":12},"end":{"line":38,"column":58}}],"line":38},"7":{"loc":{"start":{"line":42,"column":32},"end":{"line":42,"column":72}},"type":"binary-expr","locations":[{"start":{"line":42,"column":32},"end":{"line":42,"column":44}},{"start":{"line":42,"column":48},"end":{"line":42,"column":66}},{"start":{"line":42,"column":70},"end":{"line":42,"column":72}}],"line":42},"8":{"loc":{"start":{"line":60,"column":12},"end":{"line":63,"column":13}},"type":"if","locations":[{"start":{"line":60,"column":12},"end":{"line":63,"column":13}},{"start":{"line":60,"column":12},"end":{"line":63,"column":13}}],"line":60},"9":{"loc":{"start":{"line":73,"column":12},"end":{"line":73,"column":19}},"type":"default-arg","locations":[{"start":{"line":73,"column":17},"end":{"line":73,"column":19}}],"line":73},"10":{"loc":{"start":{"line":75,"column":12},"end":{"line":75,"column":33}},"type":"if","locations":[{"start":{"line":75,"column":12},"end":{"line":75,"column":33}},{"start":{"line":75,"column":12},"end":{"line":75,"column":33}}],"line":75},"11":{"loc":{"start":{"line":76,"column":12},"end":{"line":79,"column":13}},"type":"if","locations":[{"start":{"line":76,"column":12},"end":{"line":79,"column":13}},{"start":{"line":76,"column":12},"end":{"line":79,"column":13}}],"line":76},"12":{"loc":{"start":{"line":76,"column":16},"end":{"line":76,"column":36}},"type":"binary-expr","locations":[{"start":{"line":76,"column":16},"end":{"line":76,"column":19}},{"start":{"line":76,"column":23},"end":{"line":76,"column":36}}],"line":76},"13":{"loc":{"start":{"line":113,"column":12},"end":{"line":113,"column":37}},"type":"if","locations":[{"start":{"line":113,"column":12},"end":{"line":113,"column":37}},{"start":{"line":113,"column":12},"end":{"line":113,"column":37}}],"line":113},"14":{"loc":{"start":{"line":132,"column":12},"end":{"line":132,"column":37}},"type":"if","locations":[{"start":{"line":132,"column":12},"end":{"line":132,"column":37}},{"start":{"line":132,"column":12},"end":{"line":132,"column":37}}],"line":132},"15":{"loc":{"start":{"line":144,"column":24},"end":{"line":144,"column":73}},"type":"if","locations":[{"start":{"line":144,"column":24},"end":{"line":144,"column":73}},{"start":{"line":144,"column":24},"end":{"line":144,"column":73}}],"line":144},"16":{"loc":{"start":{"line":150,"column":20},"end":{"line":153,"column":21}},"type":"if","locations":[{"start":{"line":150,"column":20},"end":{"line":153,"column":21}},{"start":{"line":150,"column":20},"end":{"line":153,"column":21}}],"line":150},"17":{"loc":{"start":{"line":152,"column":24},"end":{"line":152,"column":75}},"type":"if","locations":[{"start":{"line":152,"column":24},"end":{"line":152,"column":75}},{"start":{"line":152,"column":24},"end":{"line":152,"column":75}}],"line":152},"18":{"loc":{"start":{"line":160,"column":12},"end":{"line":160,"column":55}},"type":"if","locations":[{"start":{"line":160,"column":12},"end":{"line":160,"column":55}},{"start":{"line":160,"column":12},"end":{"line":160,"column":55}}],"line":160},"19":{"loc":{"start":{"line":168,"column":12},"end":{"line":168,"column":37}},"type":"if","locations":[{"start":{"line":168,"column":12},"end":{"line":168,"column":37}},{"start":{"line":168,"column":12},"end":{"line":168,"column":37}}],"line":168},"20":{"loc":{"start":{"line":175,"column":16},"end":{"line":177,"column":54}},"type":"if","locations":[{"start":{"line":175,"column":16},"end":{"line":177,"column":54}},{"start":{"line":175,"column":16},"end":{"line":177,"column":54}}],"line":175},"21":{"loc":{"start":{"line":175,"column":20},"end":{"line":175,"column":97}},"type":"binary-expr","locations":[{"start":{"line":175,"column":20},"end":{"line":175,"column":56}},{"start":{"line":175,"column":60},"end":{"line":175,"column":97}}],"line":175},"22":{"loc":{"start":{"line":181,"column":12},"end":{"line":185,"column":13}},"type":"if","locations":[{"start":{"line":181,"column":12},"end":{"line":185,"column":13}},{"start":{"line":181,"column":12},"end":{"line":185,"column":13}}],"line":181},"23":{"loc":{"start":{"line":183,"column":16},"end":{"line":183,"column":87}},"type":"if","locations":[{"start":{"line":183,"column":16},"end":{"line":183,"column":87}},{"start":{"line":183,"column":16},"end":{"line":183,"column":87}}],"line":183},"24":{"loc":{"start":{"line":192,"column":12},"end":{"line":192,"column":37}},"type":"if","locations":[{"start":{"line":192,"column":12},"end":{"line":192,"column":37}},{"start":{"line":192,"column":12},"end":{"line":192,"column":37}}],"line":192},"25":{"loc":{"start":{"line":198,"column":12},"end":{"line":202,"column":13}},"type":"if","locations":[{"start":{"line":198,"column":12},"end":{"line":202,"column":13}},{"start":{"line":198,"column":12},"end":{"line":202,"column":13}}],"line":198},"26":{"loc":{"start":{"line":200,"column":16},"end":{"line":200,"column":81}},"type":"if","locations":[{"start":{"line":200,"column":16},"end":{"line":200,"column":81}},{"start":{"line":200,"column":16},"end":{"line":200,"column":81}}],"line":200},"27":{"loc":{"start":{"line":266,"column":23},"end":{"line":283,"column":46}},"type":"binary-expr","locations":[{"start":{"line":266,"column":23},"end":{"line":283,"column":38}},{"start":{"line":283,"column":42},"end":{"line":283,"column":46}}],"line":266},"28":{"loc":{"start":{"line":268,"column":20},"end":{"line":268,"column":43}},"type":"if","locations":[{"start":{"line":268,"column":20},"end":{"line":268,"column":43}},{"start":{"line":268,"column":20},"end":{"line":268,"column":43}}],"line":268},"29":{"loc":{"start":{"line":269,"column":38},"end":{"line":269,"column":49}},"type":"binary-expr","locations":[{"start":{"line":269,"column":38},"end":{"line":269,"column":43}},{"start":{"line":269,"column":47},"end":{"line":269,"column":49}}],"line":269},"30":{"loc":{"start":{"line":270,"column":20},"end":{"line":270,"column":55}},"type":"if","locations":[{"start":{"line":270,"column":20},"end":{"line":270,"column":55}},{"start":{"line":270,"column":20},"end":{"line":270,"column":55}}],"line":270},"31":{"loc":{"start":{"line":276,"column":20},"end":{"line":282,"column":36}},"type":"if","locations":[{"start":{"line":276,"column":20},"end":{"line":282,"column":36}},{"start":{"line":276,"column":20},"end":{"line":282,"column":36}}],"line":276},"32":{"loc":{"start":{"line":287,"column":16},"end":{"line":287,"column":47}},"type":"if","locations":[{"start":{"line":287,"column":16},"end":{"line":287,"column":47}},{"start":{"line":287,"column":16},"end":{"line":287,"column":47}}],"line":287},"33":{"loc":{"start":{"line":294,"column":16},"end":{"line":294,"column":102}},"type":"if","locations":[{"start":{"line":294,"column":16},"end":{"line":294,"column":102}},{"start":{"line":294,"column":16},"end":{"line":294,"column":102}}],"line":294},"34":{"loc":{"start":{"line":297,"column":16},"end":{"line":297,"column":83}},"type":"if","locations":[{"start":{"line":297,"column":16},"end":{"line":297,"column":83}},{"start":{"line":297,"column":16},"end":{"line":297,"column":83}}],"line":297},"35":{"loc":{"start":{"line":309,"column":23},"end":{"line":309,"column":34}},"type":"default-arg","locations":[{"start":{"line":309,"column":32},"end":{"line":309,"column":34}}],"line":309},"36":{"loc":{"start":{"line":310,"column":12},"end":{"line":310,"column":53}},"type":"if","locations":[{"start":{"line":310,"column":12},"end":{"line":310,"column":53}},{"start":{"line":310,"column":12},"end":{"line":310,"column":53}}],"line":310},"37":{"loc":{"start":{"line":318,"column":20},"end":{"line":318,"column":57}},"type":"if","locations":[{"start":{"line":318,"column":20},"end":{"line":318,"column":57}},{"start":{"line":318,"column":20},"end":{"line":318,"column":57}}],"line":318},"38":{"loc":{"start":{"line":320,"column":20},"end":{"line":320,"column":58}},"type":"if","locations":[{"start":{"line":320,"column":20},"end":{"line":320,"column":58}},{"start":{"line":320,"column":20},"end":{"line":320,"column":58}}],"line":320},"39":{"loc":{"start":{"line":332,"column":12},"end":{"line":332,"column":46}},"type":"if","locations":[{"start":{"line":332,"column":12},"end":{"line":332,"column":46}},{"start":{"line":332,"column":12},"end":{"line":332,"column":46}}],"line":332},"40":{"loc":{"start":{"line":333,"column":12},"end":{"line":333,"column":76}},"type":"if","locations":[{"start":{"line":333,"column":12},"end":{"line":333,"column":76}},{"start":{"line":333,"column":12},"end":{"line":333,"column":76}}],"line":333},"41":{"loc":{"start":{"line":333,"column":16},"end":{"line":333,"column":63}},"type":"binary-expr","locations":[{"start":{"line":333,"column":16},"end":{"line":333,"column":32}},{"start":{"line":333,"column":36},"end":{"line":333,"column":63}}],"line":333},"42":{"loc":{"start":{"line":342,"column":12},"end":{"line":346,"column":13}},"type":"if","locations":[{"start":{"line":342,"column":12},"end":{"line":346,"column":13}},{"start":{"line":342,"column":12},"end":{"line":346,"column":13}}],"line":342},"43":{"loc":{"start":{"line":358,"column":16},"end":{"line":358,"column":50}},"type":"if","locations":[{"start":{"line":358,"column":16},"end":{"line":358,"column":50}},{"start":{"line":358,"column":16},"end":{"line":358,"column":50}}],"line":358},"44":{"loc":{"start":{"line":367,"column":28},"end":{"line":367,"column":99}},"type":"if","locations":[{"start":{"line":367,"column":28},"end":{"line":367,"column":99}},{"start":{"line":367,"column":28},"end":{"line":367,"column":99}}],"line":367},"45":{"loc":{"start":{"line":368,"column":28},"end":{"line":371,"column":29}},"type":"if","locations":[{"start":{"line":368,"column":28},"end":{"line":371,"column":29}},{"start":{"line":368,"column":28},"end":{"line":371,"column":29}}],"line":368},"46":{"loc":{"start":{"line":375,"column":28},"end":{"line":375,"column":42}},"type":"if","locations":[{"start":{"line":375,"column":28},"end":{"line":375,"column":42}},{"start":{"line":375,"column":28},"end":{"line":375,"column":42}}],"line":375},"47":{"loc":{"start":{"line":380,"column":28},"end":{"line":380,"column":82}},"type":"if","locations":[{"start":{"line":380,"column":28},"end":{"line":380,"column":82}},{"start":{"line":380,"column":28},"end":{"line":380,"column":82}}],"line":380},"48":{"loc":{"start":{"line":402,"column":16},"end":{"line":409,"column":115}},"type":"if","locations":[{"start":{"line":402,"column":16},"end":{"line":409,"column":115}},{"start":{"line":402,"column":16},"end":{"line":409,"column":115}}],"line":402},"49":{"loc":{"start":{"line":419,"column":25},"end":{"line":419,"column":36}},"type":"default-arg","locations":[{"start":{"line":419,"column":34},"end":{"line":419,"column":36}}],"line":419},"50":{"loc":{"start":{"line":419,"column":38},"end":{"line":419,"column":50}},"type":"default-arg","locations":[{"start":{"line":419,"column":45},"end":{"line":419,"column":50}}],"line":419},"51":{"loc":{"start":{"line":421,"column":12},"end":{"line":424,"column":13}},"type":"if","locations":[{"start":{"line":421,"column":12},"end":{"line":424,"column":13}},{"start":{"line":421,"column":12},"end":{"line":424,"column":13}}],"line":421},"52":{"loc":{"start":{"line":421,"column":16},"end":{"line":421,"column":54}},"type":"binary-expr","locations":[{"start":{"line":421,"column":16},"end":{"line":421,"column":35}},{"start":{"line":421,"column":39},"end":{"line":421,"column":54}}],"line":421},"53":{"loc":{"start":{"line":429,"column":16},"end":{"line":432,"column":17}},"type":"if","locations":[{"start":{"line":429,"column":16},"end":{"line":432,"column":17}},{"start":{"line":429,"column":16},"end":{"line":432,"column":17}}],"line":429},"54":{"loc":{"start":{"line":429,"column":20},"end":{"line":429,"column":65}},"type":"binary-expr","locations":[{"start":{"line":429,"column":20},"end":{"line":429,"column":36}},{"start":{"line":429,"column":40},"end":{"line":429,"column":49}},{"start":{"line":429,"column":53},"end":{"line":429,"column":65}}],"line":429},"55":{"loc":{"start":{"line":430,"column":20},"end":{"line":430,"column":107}},"type":"if","locations":[{"start":{"line":430,"column":20},"end":{"line":430,"column":107}},{"start":{"line":430,"column":20},"end":{"line":430,"column":107}}],"line":430},"56":{"loc":{"start":{"line":434,"column":16},"end":{"line":441,"column":17}},"type":"if","locations":[{"start":{"line":434,"column":16},"end":{"line":441,"column":17}},{"start":{"line":434,"column":16},"end":{"line":441,"column":17}}],"line":434},"57":{"loc":{"start":{"line":435,"column":20},"end":{"line":439,"column":21}},"type":"if","locations":[{"start":{"line":435,"column":20},"end":{"line":439,"column":21}},{"start":{"line":435,"column":20},"end":{"line":439,"column":21}}],"line":435},"58":{"loc":{"start":{"line":444,"column":12},"end":{"line":444,"column":50}},"type":"if","locations":[{"start":{"line":444,"column":12},"end":{"line":444,"column":50}},{"start":{"line":444,"column":12},"end":{"line":444,"column":50}}],"line":444}},"s":{"0":1,"1":1,"2":1,"3":1,"4":1,"5":3,"6":0,"7":3,"8":0,"9":3,"10":0,"11":3,"12":0,"13":3,"14":3,"15":3,"16":3,"17":3,"18":3,"19":3,"20":3,"21":3,"22":3,"23":3,"24":0,"25":0,"26":3,"27":3,"28":3,"29":3,"30":3,"31":3,"32":0,"33":0,"34":3,"35":3,"36":3,"37":0,"38":3,"39":3,"40":3,"41":3,"42":3,"43":3,"44":0,"45":3,"46":3,"47":3,"48":3,"49":3,"50":3,"51":3,"52":3,"53":3,"54":3,"55":12,"56":3,"57":3,"58":3,"59":0,"60":3,"61":3,"62":3,"63":0,"64":3,"65":6,"66":0,"67":6,"68":6,"69":6,"70":24,"71":12,"72":12,"73":24,"74":6,"75":6,"76":0,"77":0,"78":0,"79":6,"80":0,"81":6,"82":6,"83":6,"84":24,"85":6,"86":6,"87":0,"88":0,"89":0,"90":3,"91":0,"92":12,"93":3,"94":12,"95":12,"96":12,"97":12,"98":9,"99":3,"100":3,"101":0,"102":3,"103":3,"104":0,"105":12,"106":12,"107":12,"108":9,"109":3,"110":3,"111":3,"112":3,"113":3,"114":3,"115":3,"116":3,"117":0,"118":3,"119":12,"120":3,"121":0,"122":3,"123":3,"124":12,"125":12,"126":3,"127":12,"128":3,"129":9,"130":9,"131":0,"132":3,"133":12,"134":0,"135":12,"136":12,"137":0,"138":12,"139":0,"140":0,"141":0,"142":12,"143":12,"144":12,"145":3,"146":3,"147":3,"148":0,"149":3,"150":18,"151":3,"152":3,"153":3,"154":0,"155":0,"156":3,"157":3,"158":0,"159":3,"160":3,"161":3,"162":0,"163":3,"164":0,"165":3,"166":3,"167":3,"168":3,"169":12,"170":12,"171":12,"172":0,"173":3,"174":5,"175":5,"176":0,"177":0,"178":5,"179":19,"180":19,"181":0,"182":0,"183":0,"184":19,"185":1,"186":1,"187":1,"188":1,"189":1,"190":18,"191":5,"192":0,"193":5},"f":{"0":1,"1":3,"2":3,"3":3,"4":3,"5":3,"6":3,"7":3,"8":3,"9":3,"10":3,"11":6,"12":6,"13":3,"14":0,"15":12,"16":3,"17":12,"18":12,"19":12,"20":12,"21":3,"22":12,"23":12,"24":12,"25":3,"26":18,"27":3,"28":3,"29":5},"b":{"0":[0],"1":[0],"2":[0,3],"3":[0,3],"4":[0,3],"5":[3,3],"6":[0,3],"7":[3,0,0],"8":[0,3],"9":[3],"10":[3,0],"11":[0,3],"12":[3,3],"13":[0,3],"14":[0,3],"15":[3,0],"16":[3,9],"17":[3,0],"18":[0,3],"19":[0,6],"20":[12,12],"21":[24,12],"22":[6,0],"23":[0,0],"24":[0,6],"25":[6,0],"26":[0,0],"27":[12,9],"28":[9,3],"29":[3,0],"30":[0,3],"31":[3,0],"32":[9,3],"33":[3,0],"34":[0,3],"35":[0],"36":[0,3],"37":[3,9],"38":[3,9],"39":[0,12],"40":[12,0],"41":[12,12],"42":[0,12],"43":[0,3],"44":[3,0],"45":[0,3],"46":[0,3],"47":[0,3],"48":[12,0],"49":[0],"50":[3],"51":[0,5],"52":[5,5],"53":[0,19],"54":[19,19,19],"55":[0,0],"56":[1,18],"57":[1,0],"58":[0,5]},"_coverageSchema":"1a1c01bbd47fc00a2c39e90264f33305004495a9","hash":"d78fcd385780e7e3027241e8f628c5d517bfccb6","contentHash":"fd1c84f161c26cab51d8e8ff2cf66e8ad98fbf815c26b8e206e8566000b4f745"}}